<?xml version="1.0" encoding="UTF-8"?>
<testng-results skipped="0" failed="0" total="1" passed="1">
  <reporter-output>
    <line>
      <![CDATA[<div style="display:block;margin-left:10px;"></div>]]>
    </line>
    <line>
      <![CDATA[<div style="display:block;margin-left:10px;"><div  class="teststeppass"><span class="teststeppass-label">T </span>Decline notifications</div><div style="display:block;margin-left:10px;"><div  class="pass"><span class="pass-label">P </span>Expected Notification Pop-Up present : Actual Notification Pop-Up present <a href="../img/toiPageVerificationEntertainment_9bf4pmlpgwkv22988.png" target="_blank">[View Screenshot]</a> </div><div  class="pass"><span class="pass-label">P </span>Expected Not now button on Pop-Up present : Actual Not now button on Pop-Up present <a href="../img/toiPageVerificationEntertainment_qqckiaehnn2e22989.png" target="_blank">[View Screenshot]</a> </div><div  class="info"><span class="info-label">I </span>Declining popup - Not to receive notofications</div></div><div  class="teststeppass"><span class="teststeppass-label">T </span>Entertainment section verification</div><div style="display:block;margin-left:10px;"><div  class="pass"><span class="pass-label">P </span>Expected Top news text present : Actual Top news text present <a href="../img/toiPageVerificationEntertainment_w9oddwsu0r3722990.png" target="_blank">[View Screenshot]</a> </div><div  class="pass"><span class="pass-label">P </span>Expected Entertainment news section present : Actual Entertainment news section present <a href="../img/toiPageVerificationEntertainment_18bc03qobhi0s22991.png" target="_blank">[View Screenshot]</a> </div></div><div  class="teststeppass"><span class="teststeppass-label">T </span>Extract entertainment section's news</div><div style="display:block;margin-left:10px;"><div  class="info"><span class="info-label">I </span>Entertainment news size count is 11</div><div  class="info"><span class="info-label">I </span>Everyday is phenomenal for Sonam with Anand</div><div  class="info"><span class="info-label">I </span>Then and now: Arjun Kapoor is unrecognisable</div><div  class="info"><span class="info-label">I </span>Kabir Khan supports Salman’s anti-war comment</div><div  class="info"><span class="info-label">I </span>Aryan shares beautiful pic with mom Gauri Khan</div><div  class="info"><span class="info-label">I </span>Celebs come out in support of Team India</div><div  class="info"><span class="info-label">I </span>SRK to have a cameo in 'Jagga Jasoos'?</div><div  class="info"><span class="info-label">I </span>10 lesser known facts about Lisa Haydon</div><div  class="info"><span class="info-label">I </span>Pic: Suhana steals the limelight from SRK</div><div  class="info"><span class="info-label">I </span>Bruised Sanjay Mishra in 'Baadshaho' poster</div><div  class="info"><span class="info-label">I </span>Akshay shares an adorable pic with his son Aarav</div><div  class="info"><span class="info-label">I </span>Model criticized for not being too black</div></div><div  class="teststeppass"><span class="teststeppass-label">T </span>Verify total number of image displayed</div><div style="display:block;margin-left:10px;"><div  class="pass"><span class="pass-label">P </span>Total number of image displayed : 
Expected: &lt;3&gt;
     Actual: was &lt;3&gt; <a href="../img/toiPageVerificationEntertainment_1kdb72w1fx4u622992.png" target="_blank">[View Screenshot]</a> </div><div  class="info"><span class="info-label">I </span>Verifying after clicking on Next button</div><div  class="pass"><span class="pass-label">P </span>Total number of image displayed : 
Expected: &lt;3&gt;
     Actual: was &lt;3&gt; <a href="../img/toiPageVerificationEntertainment_3go9giwggfmj22993.png" target="_blank">[View Screenshot]</a> </div><div  class="info"><span class="info-label">I </span>Verifying after clicking on Back button</div><div  class="pass"><span class="pass-label">P </span>Total number of image displayed : 
Expected: &lt;3&gt;
     Actual: was &lt;3&gt; <a href="../img/toiPageVerificationEntertainment_1crh4lexsk24h22994.png" target="_blank">[View Screenshot]</a> </div></div><div  class="info"><span class="info-label">I </span>‘Jab Harry Met Sejal’ mini trailer 2</div><div  class="info"><span class="info-label">I </span>Pic: Suhana steals the limelight from SRK</div><div  class="info"><span class="info-label">I </span>Sanjay Mishra looks bruised in new 'Baadshaho'</div><div  class="info"><span class="info-label">I </span>IndvsPak: B-town stars react</div><div  class="info"><span class="info-label">I </span>Movie Review: Bank Chor</div><div  class="info"><span class="info-label">I </span>Akshay Kumar shares an adorable picture with his</div><div  class="info"><span class="info-label">I </span>SRK to make a cameo in 'Jagga Jasoos'?</div><div  class="info"><span class="info-label">I </span>Aryan shares beautiful pic with mom Gauri Khan</div><div  class="info"><span class="info-label">I </span>‘When Harry Met Sejal’ mini trailer</div><div  class="info"><span class="info-label">I </span>JP Dutta introduces his new Paltan</div><div  class="info"><span class="info-label">I </span>Pic: Tiger Shroff resembles dad Jackie Shroff</div><div  class="info"><span class="info-label">I </span>Father’s Day: Celebs wish the super dads</div><div  class="info"><span class="info-label">I </span>IndvsPak: B-town celebs like wish Team India</div><div  class="info"><span class="info-label">I </span>Beyonce Knowles and Jay Z welcome twins</div></div>]]>
    </line>
  </reporter-output>
  <suite name="QAS Demo" duration-ms="26843" started-at="2017-06-19T07:38:14Z" finished-at="2017-06-19T07:38:41Z">
    <groups>
      <group name="TOI_Regression">
        <method signature="ToiTest.toiPageVerificationEntertainment()[pri:0, instance:com.timesofindia.tests.ToiTest@7a9273a8]" name="toiPageVerificationEntertainment" class="com.timesofindia.tests.ToiTest"/>
      </group> <!-- TOI_Regression -->
    </groups>
    <test name="DemoTest" duration-ms="26843" started-at="2017-06-19T07:38:14Z" finished-at="2017-06-19T07:38:41Z">
      <class name="com.timesofindia.tests.ToiTest">
        <test-method status="PASS" signature="setupSuit(org.testng.ITestContext)[pri:0, instance:com.timesofindia.tests.ToiTest@7a9273a8]" name="setupSuit" is-config="true" duration-ms="38" started-at="2017-06-19T13:08:14Z" finished-at="2017-06-19T13:08:14Z">
          <params>
            <param index="0">
              <value>
                <![CDATA[org.testng.TestRunner@c540f5a]]>
              </value>
            </param>
          </params>
          <reporter-output>
          </reporter-output>
        </test-method> <!-- setupSuit -->
        <test-method status="PASS" signature="setupTest(org.testng.ITestContext)[pri:0, instance:com.timesofindia.tests.ToiTest@7a9273a8]" name="setupTest" is-config="true" duration-ms="3" started-at="2017-06-19T13:08:14Z" finished-at="2017-06-19T13:08:14Z">
          <params>
            <param index="0">
              <value>
                <![CDATA[org.testng.TestRunner@c540f5a]]>
              </value>
            </param>
          </params>
          <reporter-output>
          </reporter-output>
        </test-method> <!-- setupTest -->
        <test-method status="PASS" signature="beforeTest()[pri:0, instance:com.timesofindia.tests.ToiTest@7a9273a8]" name="beforeTest" is-config="true" duration-ms="7807" started-at="2017-06-19T13:08:14Z" depends-on-methods="com.qmetry.qaf.automation.ui.AbstractTestCase.setupTest" finished-at="2017-06-19T13:08:22Z">
          <reporter-output>
            <line>
              <![CDATA[<div style="display:block;margin-left:10px;"></div>]]>
            </line>
          </reporter-output>
        </test-method> <!-- beforeTest -->
        <test-method status="PASS" signature="setup(org.testng.ITestContext)[pri:0, instance:com.timesofindia.tests.ToiTest@7a9273a8]" name="setup" is-config="true" duration-ms="1" started-at="2017-06-19T13:08:22Z" finished-at="2017-06-19T13:08:22Z">
          <params>
            <param index="0">
              <value>
                <![CDATA[org.testng.TestRunner@c540f5a]]>
              </value>
            </param>
          </params>
          <reporter-output>
          </reporter-output>
        </test-method> <!-- setup -->
        <test-method status="PASS" signature="toiPageVerificationEntertainment()[pri:0, instance:com.timesofindia.tests.ToiTest@7a9273a8]" name="toiPageVerificationEntertainment" duration-ms="18069" started-at="2017-06-19T13:08:22Z" description="Times Of India Entertainment" finished-at="2017-06-19T13:08:40Z">
          <reporter-output>
            <line>
              <![CDATA[<div style="display:block;margin-left:10px;"><div  class="teststeppass"><span class="teststeppass-label">T </span>Decline notifications</div><div style="display:block;margin-left:10px;"><div  class="pass"><span class="pass-label">P </span>Expected Notification Pop-Up present : Actual Notification Pop-Up present <a href="../img/toiPageVerificationEntertainment_9bf4pmlpgwkv22988.png" target="_blank">[View Screenshot]</a> </div><div  class="pass"><span class="pass-label">P </span>Expected Not now button on Pop-Up present : Actual Not now button on Pop-Up present <a href="../img/toiPageVerificationEntertainment_qqckiaehnn2e22989.png" target="_blank">[View Screenshot]</a> </div><div  class="info"><span class="info-label">I </span>Declining popup - Not to receive notofications</div></div><div  class="teststeppass"><span class="teststeppass-label">T </span>Entertainment section verification</div><div style="display:block;margin-left:10px;"><div  class="pass"><span class="pass-label">P </span>Expected Top news text present : Actual Top news text present <a href="../img/toiPageVerificationEntertainment_w9oddwsu0r3722990.png" target="_blank">[View Screenshot]</a> </div><div  class="pass"><span class="pass-label">P </span>Expected Entertainment news section present : Actual Entertainment news section present <a href="../img/toiPageVerificationEntertainment_18bc03qobhi0s22991.png" target="_blank">[View Screenshot]</a> </div></div><div  class="teststeppass"><span class="teststeppass-label">T </span>Extract entertainment section's news</div><div style="display:block;margin-left:10px;"><div  class="info"><span class="info-label">I </span>Entertainment news size count is 11</div><div  class="info"><span class="info-label">I </span>Everyday is phenomenal for Sonam with Anand</div><div  class="info"><span class="info-label">I </span>Then and now: Arjun Kapoor is unrecognisable</div><div  class="info"><span class="info-label">I </span>Kabir Khan supports Salman’s anti-war comment</div><div  class="info"><span class="info-label">I </span>Aryan shares beautiful pic with mom Gauri Khan</div><div  class="info"><span class="info-label">I </span>Celebs come out in support of Team India</div><div  class="info"><span class="info-label">I </span>SRK to have a cameo in 'Jagga Jasoos'?</div><div  class="info"><span class="info-label">I </span>10 lesser known facts about Lisa Haydon</div><div  class="info"><span class="info-label">I </span>Pic: Suhana steals the limelight from SRK</div><div  class="info"><span class="info-label">I </span>Bruised Sanjay Mishra in 'Baadshaho' poster</div><div  class="info"><span class="info-label">I </span>Akshay shares an adorable pic with his son Aarav</div><div  class="info"><span class="info-label">I </span>Model criticized for not being too black</div></div><div  class="teststeppass"><span class="teststeppass-label">T </span>Verify total number of image displayed</div><div style="display:block;margin-left:10px;"><div  class="pass"><span class="pass-label">P </span>Total number of image displayed : 
Expected: &lt;3&gt;
     Actual: was &lt;3&gt; <a href="../img/toiPageVerificationEntertainment_1kdb72w1fx4u622992.png" target="_blank">[View Screenshot]</a> </div><div  class="info"><span class="info-label">I </span>Verifying after clicking on Next button</div><div  class="pass"><span class="pass-label">P </span>Total number of image displayed : 
Expected: &lt;3&gt;
     Actual: was &lt;3&gt; <a href="../img/toiPageVerificationEntertainment_3go9giwggfmj22993.png" target="_blank">[View Screenshot]</a> </div><div  class="info"><span class="info-label">I </span>Verifying after clicking on Back button</div><div  class="pass"><span class="pass-label">P </span>Total number of image displayed : 
Expected: &lt;3&gt;
     Actual: was &lt;3&gt; <a href="../img/toiPageVerificationEntertainment_1crh4lexsk24h22994.png" target="_blank">[View Screenshot]</a> </div></div><div  class="info"><span class="info-label">I </span>‘Jab Harry Met Sejal’ mini trailer 2</div><div  class="info"><span class="info-label">I </span>Pic: Suhana steals the limelight from SRK</div><div  class="info"><span class="info-label">I </span>Sanjay Mishra looks bruised in new 'Baadshaho'</div><div  class="info"><span class="info-label">I </span>IndvsPak: B-town stars react</div><div  class="info"><span class="info-label">I </span>Movie Review: Bank Chor</div><div  class="info"><span class="info-label">I </span>Akshay Kumar shares an adorable picture with his</div><div  class="info"><span class="info-label">I </span>SRK to make a cameo in 'Jagga Jasoos'?</div><div  class="info"><span class="info-label">I </span>Aryan shares beautiful pic with mom Gauri Khan</div><div  class="info"><span class="info-label">I </span>‘When Harry Met Sejal’ mini trailer</div><div  class="info"><span class="info-label">I </span>JP Dutta introduces his new Paltan</div><div  class="info"><span class="info-label">I </span>Pic: Tiger Shroff resembles dad Jackie Shroff</div><div  class="info"><span class="info-label">I </span>Father’s Day: Celebs wish the super dads</div><div  class="info"><span class="info-label">I </span>IndvsPak: B-town celebs like wish Team India</div><div  class="info"><span class="info-label">I </span>Beyonce Knowles and Jay Z welcome twins</div></div>]]>
            </line>
          </reporter-output>
        </test-method> <!-- toiPageVerificationEntertainment -->
        <test-method status="PASS" signature="setupMethod(java.lang.reflect.Method, org.testng.ITestContext)[pri:0, instance:com.timesofindia.tests.ToiTest@7a9273a8]" name="setupMethod" is-config="true" duration-ms="0" started-at="2017-06-19T13:08:22Z" finished-at="2017-06-19T13:08:22Z">
          <params>
            <param index="0">
              <value>
                <![CDATA[public void com.timesofindia.tests.ToiTest.toiPageVerificationEntertainment()]]>
              </value>
            </param>
            <param index="1">
              <value>
                <![CDATA[org.testng.TestRunner@c540f5a]]>
              </value>
            </param>
          </params>
          <reporter-output>
          </reporter-output>
        </test-method> <!-- setupMethod -->
        <test-method status="PASS" signature="afterMethod(org.testng.ITestContext, org.testng.ITestResult)[pri:0, instance:com.timesofindia.tests.ToiTest@7a9273a8]" name="afterMethod" is-config="true" duration-ms="1" started-at="2017-06-19T13:08:40Z" finished-at="2017-06-19T13:08:40Z">
          <params>
            <param index="0">
              <value>
                <![CDATA[org.testng.TestRunner@c540f5a]]>
              </value>
            </param>
            <param index="1">
              <value>
                <![CDATA[[TestResult name=toiPageVerificationEntertainment status=SUCCESS method=ToiTest.toiPageVerificationEntertainment()[pri:0, instance:com.timesofindia.tests.ToiTest@7a9273a8] output=<div style="display:block;margin-left:10px;"><div  class="teststeppass"><span class="teststeppass-label">T </span>Decline notifications</div><div style="display:block;margin-left:10px;"><div  class="pass"><span class="pass-label">P </span>Expected Notification Pop-Up present : Actual Notification Pop-Up present <a href="../img/toiPageVerificationEntertainment_9bf4pmlpgwkv22988.png" target="_blank">[View Screenshot]</a> </div><div  class="pass"><span class="pass-label">P </span>Expected Not now button on Pop-Up present : Actual Not now button on Pop-Up present <a href="../img/toiPageVerificationEntertainment_qqckiaehnn2e22989.png" target="_blank">[View Screenshot]</a> </div><div  class="info"><span class="info-label">I </span>Declining popup - Not to receive notofications</div></div><div  class="teststeppass"><span class="teststeppass-label">T </span>Entertainment section verification</div><div style="display:block;margin-left:10px;"><div  class="pass"><span class="pass-label">P </span>Expected Top news text present : Actual Top news text present <a href="../img/toiPageVerificationEntertainment_w9oddwsu0r3722990.png" target="_blank">[View Screenshot]</a> </div><div  class="pass"><span class="pass-label">P </span>Expected Entertainment news section present : Actual Entertainment news section present <a href="../img/toiPageVerificationEntertainment_18bc03qobhi0s22991.png" target="_blank">[View Screenshot]</a> </div></div><div  class="teststeppass"><span class="teststeppass-label">T </span>Extract entertainment section's news</div><div style="display:block;margin-left:10px;"><div  class="info"><span class="info-label">I </span>Entertainment news size count is 11</div><div  class="info"><span class="info-label">I </span>Everyday is phenomenal for Sonam with Anand</div><div  class="info"><span class="info-label">I </span>Then and now: Arjun Kapoor is unrecognisable</div><div  class="info"><span class="info-label">I </span>Kabir Khan supports Salman’s anti-war comment</div><div  class="info"><span class="info-label">I </span>Aryan shares beautiful pic with mom Gauri Khan</div><div  class="info"><span class="info-label">I </span>Celebs come out in support of Team India</div><div  class="info"><span class="info-label">I </span>SRK to have a cameo in 'Jagga Jasoos'?</div><div  class="info"><span class="info-label">I </span>10 lesser known facts about Lisa Haydon</div><div  class="info"><span class="info-label">I </span>Pic: Suhana steals the limelight from SRK</div><div  class="info"><span class="info-label">I </span>Bruised Sanjay Mishra in 'Baadshaho' poster</div><div  class="info"><span class="info-label">I </span>Akshay shares an adorable pic with his son Aarav</div><div  class="info"><span class="info-label">I </span>Model criticized for not being too black</div></div><div  class="teststeppass"><span class="teststeppass-label">T </span>Verify total number of image displayed</div><div style="display:block;margin-left:10px;"><div  class="pass"><span class="pass-label">P </span>Total number of image displayed : 
Expected: &lt;3&gt;
     Actual: was &lt;3&gt; <a href="../img/toiPageVerificationEntertainment_1kdb72w1fx4u622992.png" target="_blank">[View Screenshot]</a> </div><div  class="info"><span class="info-label">I </span>Verifying after clicking on Next button</div><div  class="pass"><span class="pass-label">P </span>Total number of image displayed : 
Expected: &lt;3&gt;
     Actual: was &lt;3&gt; <a href="../img/toiPageVerificationEntertainment_3go9giwggfmj22993.png" target="_blank">[View Screenshot]</a> </div><div  class="info"><span class="info-label">I </span>Verifying after clicking on Back button</div><div  class="pass"><span class="pass-label">P </span>Total number of image displayed : 
Expected: &lt;3&gt;
     Actual: was &lt;3&gt; <a href="../img/toiPageVerificationEntertainment_1crh4lexsk24h22994.png" target="_blank">[View Screenshot]</a> </div></div><div  class="info"><span class="info-label">I </span>‘Jab Harry Met Sejal’ mini trailer 2</div><div  class="info"><span class="info-label">I </span>Pic: Suhana steals the limelight from SRK</div><div  class="info"><span class="info-label">I </span>Sanjay Mishra looks bruised in new 'Baadshaho'</div><div  class="info"><span class="info-label">I </span>IndvsPak: B-town stars react</div><div  class="info"><span class="info-label">I </span>Movie Review: Bank Chor</div><div  class="info"><span class="info-label">I </span>Akshay Kumar shares an adorable picture with his</div><div  class="info"><span class="info-label">I </span>SRK to make a cameo in 'Jagga Jasoos'?</div><div  class="info"><span class="info-label">I </span>Aryan shares beautiful pic with mom Gauri Khan</div><div  class="info"><span class="info-label">I </span>‘When Harry Met Sejal’ mini trailer</div><div  class="info"><span class="info-label">I </span>JP Dutta introduces his new Paltan</div><div  class="info"><span class="info-label">I </span>Pic: Tiger Shroff resembles dad Jackie Shroff</div><div  class="info"><span class="info-label">I </span>Father’s Day: Celebs wish the super dads</div><div  class="info"><span class="info-label">I </span>IndvsPak: B-town celebs like wish Team India</div><div  class="info"><span class="info-label">I </span>Beyonce Knowles and Jay Z welcome twins</div></div>]]]>
              </value>
            </param>
          </params>
          <reporter-output>
          </reporter-output>
        </test-method> <!-- afterMethod -->
        <test-method status="PASS" signature="afterClass(org.testng.ITestContext)[pri:0, instance:com.timesofindia.tests.ToiTest@7a9273a8]" name="afterClass" is-config="true" duration-ms="1" started-at="2017-06-19T13:08:40Z" finished-at="2017-06-19T13:08:40Z">
          <params>
            <param index="0">
              <value>
                <![CDATA[org.testng.TestRunner@c540f5a]]>
              </value>
            </param>
          </params>
          <reporter-output>
          </reporter-output>
        </test-method> <!-- afterClass -->
        <test-method status="PASS" signature="afterTest(org.testng.ITestContext)[pri:0, instance:com.timesofindia.tests.ToiTest@7a9273a8]" name="afterTest" is-config="true" duration-ms="908" started-at="2017-06-19T13:08:40Z" finished-at="2017-06-19T13:08:41Z">
          <params>
            <param index="0">
              <value>
                <![CDATA[org.testng.TestRunner@c540f5a]]>
              </value>
            </param>
          </params>
          <reporter-output>
          </reporter-output>
        </test-method> <!-- afterTest -->
        <test-method status="PASS" signature="afterSuit(org.testng.ITestContext)[pri:0, instance:com.timesofindia.tests.ToiTest@7a9273a8]" name="afterSuit" is-config="true" duration-ms="1" started-at="2017-06-19T13:08:41Z" finished-at="2017-06-19T13:08:41Z">
          <params>
            <param index="0">
              <value>
                <![CDATA[org.testng.TestRunner@c540f5a]]>
              </value>
            </param>
          </params>
          <reporter-output>
          </reporter-output>
        </test-method> <!-- afterSuit -->
      </class> <!-- com.timesofindia.tests.ToiTest -->
    </test> <!-- DemoTest -->
  </suite> <!-- QAS Demo -->
</testng-results>
