<?xml version="1.0" encoding="UTF-8"?>
<testng-results skipped="0" failed="0" total="1" passed="1">
  <reporter-output>
    <line>
      <![CDATA[<div style="display:block;margin-left:10px;"></div>]]>
    </line>
    <line>
      <![CDATA[<div style="display:block;margin-left:10px;"><div  class="teststeppass"><span class="teststeppass-label">T </span>Decline notifications</div><div style="display:block;margin-left:10px;"><div  class="pass"><span class="pass-label">P </span>Expected Notification Pop-Up present : Actual Notification Pop-Up present <a href="../img/toiPageVerification_1fadb0kw8eoys26382.png" target="_blank">[View Screenshot]</a> </div><div  class="pass"><span class="pass-label">P </span>Expected Not now button on Pop-Up present : Actual Not now button on Pop-Up present <a href="../img/toiPageVerification_t54r6sod3dc326383.png" target="_blank">[View Screenshot]</a> </div><div  class="info"><span class="info-label">I </span>Declining popup - Not to receive notofications</div></div><div  class="teststeppass"><span class="teststeppass-label">T </span>Get List of top-stories and print</div><div style="display:block;margin-left:10px;"><div  class="info"><span class="info-label">I </span>Stuck to a coach I hated for 20 years: Bindra</div><div  class="info"><span class="info-label">I </span>Saudi Arabia king's son is new crown prince</div><div  class="info"><span class="info-label">I </span>Tata Group may buy Air India: Report</div><div  class="info"><span class="info-label">I </span>Ex-judge Karnan brought to Kolkata, taken to jail</div><div  class="info"><span class="info-label">I </span>Presidential poll: JD(U) to support Kovind</div><div  class="info"><span class="info-label">I </span>International Yoga Day 2017: Complete coverage</div><div  class="info"><span class="info-label">I </span>FERA: Sasikala appears via videoconferencing</div></div><div  class="teststeppass"><span class="teststeppass-label">T </span>Verify each news title</div><div style="display:block;margin-left:10px;"><div  class="info"><span class="info-label">I </span>desktop_web</div><div  class="info"><span class="info-label">I </span>News title is : News: India News, Latest Bollywood News, Sports News, Business & Political News, National & International News | Times of India</div><div  class="pass"><span class="pass-label">P </span>Expected Top news text present : Actual Top news text present <a href="../img/toiPageVerification_wldktr3mjlwd26384.png" target="_blank">[View Screenshot]</a> </div><div  class="info"><span class="info-label">I </span>News title is : News: India News, Latest Bollywood News, Sports News, Business & Political News, National & International News | Times of India</div><div  class="pass"><span class="pass-label">P </span>Expected Top news text present : Actual Top news text present <a href="../img/toiPageVerification_y9z0p2f433gh26385.png" target="_blank">[View Screenshot]</a> </div><div  class="info"><span class="info-label">I </span>News title is : News: India News, Latest Bollywood News, Sports News, Business & Political News, National & International News | Times of India</div><div  class="pass"><span class="pass-label">P </span>Expected Top news text present : Actual Top news text present <a href="../img/toiPageVerification_1jfmfy2fzqvtc26386.png" target="_blank">[View Screenshot]</a> </div><div  class="info"><span class="info-label">I </span>News title is : News: India News, Latest Bollywood News, Sports News, Business & Political News, National & International News | Times of India</div><div  class="pass"><span class="pass-label">P </span>Expected Top news text present : Actual Top news text present <a href="../img/toiPageVerification_1qnmv8olnwcwy26387.png" target="_blank">[View Screenshot]</a> </div><div  class="info"><span class="info-label">I </span>News title is : News: India News, Latest Bollywood News, Sports News, Business & Political News, National & International News | Times of India</div><div  class="pass"><span class="pass-label">P </span>Expected Top news text present : Actual Top news text present <a href="../img/toiPageVerification_1xdr8x448mod026388.png" target="_blank">[View Screenshot]</a> </div><div  class="info"><span class="info-label">I </span>News title is : News: India News, Latest Bollywood News, Sports News, Business & Political News, National & International News | Times of India</div><div  class="pass"><span class="pass-label">P </span>Expected Top news text present : Actual Top news text present <a href="../img/toiPageVerification_1e71ozcr7k52l26389.png" target="_blank">[View Screenshot]</a> </div><div  class="info"><span class="info-label">I </span>News title is : News: India News, Latest Bollywood News, Sports News, Business & Political News, National & International News | Times of India</div><div  class="pass"><span class="pass-label">P </span>Expected Top news text present : Actual Top news text present <a href="../img/toiPageVerification_ydk5t0gxjkma26390.png" target="_blank">[View Screenshot]</a> </div></div></div>]]>
    </line>
    <line>
      <![CDATA[<div style="display:block;margin-left:10px;"></div>]]>
    </line>
  </reporter-output>
  <suite name="QAS Demo" duration-ms="104292" started-at="2017-06-21T13:02:01Z" finished-at="2017-06-21T13:03:45Z">
    <groups>
      <group name="TOI_Regression">
        <method signature="ToiTest.toiPageVerification()[pri:0, instance:com.timesofindia.tests.ToiTest@7a9273a8]" name="toiPageVerification" class="com.timesofindia.tests.ToiTest"/>
      </group> <!-- TOI_Regression -->
    </groups>
    <test name="DemoTest" duration-ms="104292" started-at="2017-06-21T13:02:01Z" finished-at="2017-06-21T13:03:45Z">
      <class name="com.timesofindia.tests.ToiTest">
        <test-method status="PASS" signature="setupSuit(org.testng.ITestContext)[pri:0, instance:com.timesofindia.tests.ToiTest@7a9273a8]" name="setupSuit" is-config="true" duration-ms="32" started-at="2017-06-21T18:32:01Z" finished-at="2017-06-21T18:32:01Z">
          <params>
            <param index="0">
              <value>
                <![CDATA[org.testng.TestRunner@c540f5a]]>
              </value>
            </param>
          </params>
          <reporter-output>
          </reporter-output>
        </test-method> <!-- setupSuit -->
        <test-method status="PASS" signature="setupTest(org.testng.ITestContext)[pri:0, instance:com.timesofindia.tests.ToiTest@7a9273a8]" name="setupTest" is-config="true" duration-ms="0" started-at="2017-06-21T18:32:01Z" finished-at="2017-06-21T18:32:01Z">
          <params>
            <param index="0">
              <value>
                <![CDATA[org.testng.TestRunner@c540f5a]]>
              </value>
            </param>
          </params>
          <reporter-output>
          </reporter-output>
        </test-method> <!-- setupTest -->
        <test-method status="PASS" signature="setup(org.testng.ITestContext)[pri:0, instance:com.timesofindia.tests.ToiTest@7a9273a8]" name="setup" is-config="true" duration-ms="4" started-at="2017-06-21T18:32:01Z" finished-at="2017-06-21T18:32:01Z">
          <params>
            <param index="0">
              <value>
                <![CDATA[org.testng.TestRunner@c540f5a]]>
              </value>
            </param>
          </params>
          <reporter-output>
          </reporter-output>
        </test-method> <!-- setup -->
        <test-method status="PASS" signature="setupMethod(java.lang.reflect.Method, org.testng.ITestContext)[pri:0, instance:com.timesofindia.tests.ToiTest@7a9273a8]" name="setupMethod" is-config="true" duration-ms="4" started-at="2017-06-21T18:32:01Z" finished-at="2017-06-21T18:32:01Z">
          <params>
            <param index="0">
              <value>
                <![CDATA[public void com.timesofindia.tests.ToiTest.toiPageVerification()]]>
              </value>
            </param>
            <param index="1">
              <value>
                <![CDATA[org.testng.TestRunner@c540f5a]]>
              </value>
            </param>
          </params>
          <reporter-output>
          </reporter-output>
        </test-method> <!-- setupMethod -->
        <test-method status="PASS" signature="beforeMethod()[pri:0, instance:com.timesofindia.tests.ToiTest@7a9273a8]" name="beforeMethod" is-config="true" duration-ms="8378" started-at="2017-06-21T18:32:01Z" finished-at="2017-06-21T18:32:09Z">
          <reporter-output>
            <line>
              <![CDATA[<div style="display:block;margin-left:10px;"></div>]]>
            </line>
          </reporter-output>
        </test-method> <!-- beforeMethod -->
        <test-method status="PASS" signature="toiPageVerification()[pri:0, instance:com.timesofindia.tests.ToiTest@7a9273a8]" name="toiPageVerification" duration-ms="94649" started-at="2017-06-21T18:32:09Z" description="Times Of India Page verification" finished-at="2017-06-21T18:33:44Z">
          <reporter-output>
            <line>
              <![CDATA[<div style="display:block;margin-left:10px;"><div  class="teststeppass"><span class="teststeppass-label">T </span>Decline notifications</div><div style="display:block;margin-left:10px;"><div  class="pass"><span class="pass-label">P </span>Expected Notification Pop-Up present : Actual Notification Pop-Up present <a href="../img/toiPageVerification_1fadb0kw8eoys26382.png" target="_blank">[View Screenshot]</a> </div><div  class="pass"><span class="pass-label">P </span>Expected Not now button on Pop-Up present : Actual Not now button on Pop-Up present <a href="../img/toiPageVerification_t54r6sod3dc326383.png" target="_blank">[View Screenshot]</a> </div><div  class="info"><span class="info-label">I </span>Declining popup - Not to receive notofications</div></div><div  class="teststeppass"><span class="teststeppass-label">T </span>Get List of top-stories and print</div><div style="display:block;margin-left:10px;"><div  class="info"><span class="info-label">I </span>Stuck to a coach I hated for 20 years: Bindra</div><div  class="info"><span class="info-label">I </span>Saudi Arabia king's son is new crown prince</div><div  class="info"><span class="info-label">I </span>Tata Group may buy Air India: Report</div><div  class="info"><span class="info-label">I </span>Ex-judge Karnan brought to Kolkata, taken to jail</div><div  class="info"><span class="info-label">I </span>Presidential poll: JD(U) to support Kovind</div><div  class="info"><span class="info-label">I </span>International Yoga Day 2017: Complete coverage</div><div  class="info"><span class="info-label">I </span>FERA: Sasikala appears via videoconferencing</div></div><div  class="teststeppass"><span class="teststeppass-label">T </span>Verify each news title</div><div style="display:block;margin-left:10px;"><div  class="info"><span class="info-label">I </span>desktop_web</div><div  class="info"><span class="info-label">I </span>News title is : News: India News, Latest Bollywood News, Sports News, Business & Political News, National & International News | Times of India</div><div  class="pass"><span class="pass-label">P </span>Expected Top news text present : Actual Top news text present <a href="../img/toiPageVerification_wldktr3mjlwd26384.png" target="_blank">[View Screenshot]</a> </div><div  class="info"><span class="info-label">I </span>News title is : News: India News, Latest Bollywood News, Sports News, Business & Political News, National & International News | Times of India</div><div  class="pass"><span class="pass-label">P </span>Expected Top news text present : Actual Top news text present <a href="../img/toiPageVerification_y9z0p2f433gh26385.png" target="_blank">[View Screenshot]</a> </div><div  class="info"><span class="info-label">I </span>News title is : News: India News, Latest Bollywood News, Sports News, Business & Political News, National & International News | Times of India</div><div  class="pass"><span class="pass-label">P </span>Expected Top news text present : Actual Top news text present <a href="../img/toiPageVerification_1jfmfy2fzqvtc26386.png" target="_blank">[View Screenshot]</a> </div><div  class="info"><span class="info-label">I </span>News title is : News: India News, Latest Bollywood News, Sports News, Business & Political News, National & International News | Times of India</div><div  class="pass"><span class="pass-label">P </span>Expected Top news text present : Actual Top news text present <a href="../img/toiPageVerification_1qnmv8olnwcwy26387.png" target="_blank">[View Screenshot]</a> </div><div  class="info"><span class="info-label">I </span>News title is : News: India News, Latest Bollywood News, Sports News, Business & Political News, National & International News | Times of India</div><div  class="pass"><span class="pass-label">P </span>Expected Top news text present : Actual Top news text present <a href="../img/toiPageVerification_1xdr8x448mod026388.png" target="_blank">[View Screenshot]</a> </div><div  class="info"><span class="info-label">I </span>News title is : News: India News, Latest Bollywood News, Sports News, Business & Political News, National & International News | Times of India</div><div  class="pass"><span class="pass-label">P </span>Expected Top news text present : Actual Top news text present <a href="../img/toiPageVerification_1e71ozcr7k52l26389.png" target="_blank">[View Screenshot]</a> </div><div  class="info"><span class="info-label">I </span>News title is : News: India News, Latest Bollywood News, Sports News, Business & Political News, National & International News | Times of India</div><div  class="pass"><span class="pass-label">P </span>Expected Top news text present : Actual Top news text present <a href="../img/toiPageVerification_ydk5t0gxjkma26390.png" target="_blank">[View Screenshot]</a> </div></div></div>]]>
            </line>
          </reporter-output>
        </test-method> <!-- toiPageVerification -->
        <test-method status="PASS" signature="afterMethod()[pri:0, instance:com.timesofindia.tests.ToiTest@7a9273a8]" name="afterMethod" is-config="true" duration-ms="1181" started-at="2017-06-21T18:33:44Z" finished-at="2017-06-21T18:33:45Z">
          <reporter-output>
            <line>
              <![CDATA[<div style="display:block;margin-left:10px;"></div>]]>
            </line>
          </reporter-output>
        </test-method> <!-- afterMethod -->
        <test-method status="PASS" signature="afterClass(org.testng.ITestContext)[pri:0, instance:com.timesofindia.tests.ToiTest@7a9273a8]" name="afterClass" is-config="true" duration-ms="0" started-at="2017-06-21T18:33:45Z" finished-at="2017-06-21T18:33:45Z">
          <params>
            <param index="0">
              <value>
                <![CDATA[org.testng.TestRunner@c540f5a]]>
              </value>
            </param>
          </params>
          <reporter-output>
          </reporter-output>
        </test-method> <!-- afterClass -->
        <test-method status="PASS" signature="afterMethod(org.testng.ITestContext, org.testng.ITestResult)[pri:0, instance:com.timesofindia.tests.ToiTest@7a9273a8]" name="afterMethod" is-config="true" duration-ms="0" started-at="2017-06-21T18:33:45Z" finished-at="2017-06-21T18:33:45Z">
          <params>
            <param index="0">
              <value>
                <![CDATA[org.testng.TestRunner@c540f5a]]>
              </value>
            </param>
            <param index="1">
              <value>
                <![CDATA[[TestResult name=toiPageVerification status=SUCCESS method=ToiTest.toiPageVerification()[pri:0, instance:com.timesofindia.tests.ToiTest@7a9273a8] output=<div style="display:block;margin-left:10px;"><div  class="teststeppass"><span class="teststeppass-label">T </span>Decline notifications</div><div style="display:block;margin-left:10px;"><div  class="pass"><span class="pass-label">P </span>Expected Notification Pop-Up present : Actual Notification Pop-Up present <a href="../img/toiPageVerification_1fadb0kw8eoys26382.png" target="_blank">[View Screenshot]</a> </div><div  class="pass"><span class="pass-label">P </span>Expected Not now button on Pop-Up present : Actual Not now button on Pop-Up present <a href="../img/toiPageVerification_t54r6sod3dc326383.png" target="_blank">[View Screenshot]</a> </div><div  class="info"><span class="info-label">I </span>Declining popup - Not to receive notofications</div></div><div  class="teststeppass"><span class="teststeppass-label">T </span>Get List of top-stories and print</div><div style="display:block;margin-left:10px;"><div  class="info"><span class="info-label">I </span>Stuck to a coach I hated for 20 years: Bindra</div><div  class="info"><span class="info-label">I </span>Saudi Arabia king's son is new crown prince</div><div  class="info"><span class="info-label">I </span>Tata Group may buy Air India: Report</div><div  class="info"><span class="info-label">I </span>Ex-judge Karnan brought to Kolkata, taken to jail</div><div  class="info"><span class="info-label">I </span>Presidential poll: JD(U) to support Kovind</div><div  class="info"><span class="info-label">I </span>International Yoga Day 2017: Complete coverage</div><div  class="info"><span class="info-label">I </span>FERA: Sasikala appears via videoconferencing</div></div><div  class="teststeppass"><span class="teststeppass-label">T </span>Verify each news title</div><div style="display:block;margin-left:10px;"><div  class="info"><span class="info-label">I </span>desktop_web</div><div  class="info"><span class="info-label">I </span>News title is : News: India News, Latest Bollywood News, Sports News, Business & Political News, National & International News | Times of India</div><div  class="pass"><span class="pass-label">P </span>Expected Top news text present : Actual Top news text present <a href="../img/toiPageVerification_wldktr3mjlwd26384.png" target="_blank">[View Screenshot]</a> </div><div  class="info"><span class="info-label">I </span>News title is : News: India News, Latest Bollywood News, Sports News, Business & Political News, National & International News | Times of India</div><div  class="pass"><span class="pass-label">P </span>Expected Top news text present : Actual Top news text present <a href="../img/toiPageVerification_y9z0p2f433gh26385.png" target="_blank">[View Screenshot]</a> </div><div  class="info"><span class="info-label">I </span>News title is : News: India News, Latest Bollywood News, Sports News, Business & Political News, National & International News | Times of India</div><div  class="pass"><span class="pass-label">P </span>Expected Top news text present : Actual Top news text present <a href="../img/toiPageVerification_1jfmfy2fzqvtc26386.png" target="_blank">[View Screenshot]</a> </div><div  class="info"><span class="info-label">I </span>News title is : News: India News, Latest Bollywood News, Sports News, Business & Political News, National & International News | Times of India</div><div  class="pass"><span class="pass-label">P </span>Expected Top news text present : Actual Top news text present <a href="../img/toiPageVerification_1qnmv8olnwcwy26387.png" target="_blank">[View Screenshot]</a> </div><div  class="info"><span class="info-label">I </span>News title is : News: India News, Latest Bollywood News, Sports News, Business & Political News, National & International News | Times of India</div><div  class="pass"><span class="pass-label">P </span>Expected Top news text present : Actual Top news text present <a href="../img/toiPageVerification_1xdr8x448mod026388.png" target="_blank">[View Screenshot]</a> </div><div  class="info"><span class="info-label">I </span>News title is : News: India News, Latest Bollywood News, Sports News, Business & Political News, National & International News | Times of India</div><div  class="pass"><span class="pass-label">P </span>Expected Top news text present : Actual Top news text present <a href="../img/toiPageVerification_1e71ozcr7k52l26389.png" target="_blank">[View Screenshot]</a> </div><div  class="info"><span class="info-label">I </span>News title is : News: India News, Latest Bollywood News, Sports News, Business & Political News, National & International News | Times of India</div><div  class="pass"><span class="pass-label">P </span>Expected Top news text present : Actual Top news text present <a href="../img/toiPageVerification_ydk5t0gxjkma26390.png" target="_blank">[View Screenshot]</a> </div></div></div>]]]>
              </value>
            </param>
          </params>
          <reporter-output>
          </reporter-output>
        </test-method> <!-- afterMethod -->
        <test-method status="PASS" signature="afterTest(org.testng.ITestContext)[pri:0, instance:com.timesofindia.tests.ToiTest@7a9273a8]" name="afterTest" is-config="true" duration-ms="0" started-at="2017-06-21T18:33:45Z" finished-at="2017-06-21T18:33:45Z">
          <params>
            <param index="0">
              <value>
                <![CDATA[org.testng.TestRunner@c540f5a]]>
              </value>
            </param>
          </params>
          <reporter-output>
          </reporter-output>
        </test-method> <!-- afterTest -->
        <test-method status="PASS" signature="afterSuit(org.testng.ITestContext)[pri:0, instance:com.timesofindia.tests.ToiTest@7a9273a8]" name="afterSuit" is-config="true" duration-ms="0" started-at="2017-06-21T18:33:45Z" finished-at="2017-06-21T18:33:45Z">
          <params>
            <param index="0">
              <value>
                <![CDATA[org.testng.TestRunner@c540f5a]]>
              </value>
            </param>
          </params>
          <reporter-output>
          </reporter-output>
        </test-method> <!-- afterSuit -->
      </class> <!-- com.timesofindia.tests.ToiTest -->
    </test> <!-- DemoTest -->
  </suite> <!-- QAS Demo -->
</testng-results>
