<?xml version="1.0" encoding="UTF-8"?>
<testng-results skipped="1" failed="0" total="1" passed="0">
  <reporter-output>
    <line>
      <![CDATA[<div style="display:block;margin-left:10px;"><div  class="fail"><span class="fail-label">F </span>unknown error: cannot get automation extension
from chrome not reachable
  (Session info: chrome=58.0.3029.110)
  (Driver info: chromedriver=2.29.461591 (62ebf098771772160f391d75e589dc567915b233),platform=Windows NT 6.3.9600 x86_64) (WARNING: The server did not provide any stacktrace information)
Command duration or timeout: 4.27 seconds
Build info: version: '2.53.0', revision: '35ae25b1534ae328c771e0856c93e187490ca824', time: '2016-03-15 10:43:46'
System info: host: 'icpl12186', ip: '10.11.28.37', os.name: 'Windows 8.1', os.arch: 'amd64', os.version: '6.3', java.version: '1.8.0_111'
Driver info: com.qmetry.qaf.automation.ui.webdriver.QAFExtendedWebDriver
Capabilities [{applicationCacheEnabled=false, rotatable=false, mobileEmulationEnabled=false, networkConnectionEnabled=false, chrome={chromedriverVersion=2.29.461591 (62ebf098771772160f391d75e589dc567915b233), userDataDir=C:\Users\TAPAS~1.PAD\AppData\Local\Temp\scoped_dir9684_14991}, takesHeapSnapshot=true, pageLoadStrategy=normal, databaseEnabled=false, handlesAlerts=true, hasTouchScreen=false, version=58.0.3029.110, platform=WIN8_1, browserConnectionEnabled=false, nativeEvents=true, acceptSslCerts=true, locationContextEnabled=true, webStorageEnabled=true, browserName=chrome, takesScreenshot=true, javascriptEnabled=true, cssSelectorsEnabled=true, unexpectedAlertBehaviour=}]
Session ID: adde84e72e2b6129d580e054fa35d731</div></div>]]>
    </line>
    <line>
      <![CDATA[<div style="display:block;margin-left:10px;"></div>]]>
    </line>
  </reporter-output>
  <suite name="QAS Demo" duration-ms="14655" started-at="2017-06-09T05:46:47Z" finished-at="2017-06-09T05:47:02Z">
    <groups>
      <group name="TOI_Regression">
        <method signature="ToiTest.toiPageVerification()[pri:0, instance:com.timesofindia.tests.ToiTest@7a9273a8]" name="toiPageVerification" class="com.timesofindia.tests.ToiTest"/>
      </group> <!-- TOI_Regression -->
    </groups>
    <test name="DemoTest" duration-ms="14655" started-at="2017-06-09T05:46:47Z" finished-at="2017-06-09T05:47:02Z">
      <class name="com.timesofindia.tests.ToiTest">
        <test-method status="PASS" signature="setupSuit(org.testng.ITestContext)[pri:0, instance:com.timesofindia.tests.ToiTest@7a9273a8]" name="setupSuit" is-config="true" duration-ms="29" started-at="2017-06-09T11:16:47Z" finished-at="2017-06-09T11:16:47Z">
          <params>
            <param index="0">
              <value>
                <![CDATA[org.testng.TestRunner@c540f5a]]>
              </value>
            </param>
          </params>
          <reporter-output>
          </reporter-output>
        </test-method> <!-- setupSuit -->
        <test-method status="PASS" signature="setupTest(org.testng.ITestContext)[pri:0, instance:com.timesofindia.tests.ToiTest@7a9273a8]" name="setupTest" is-config="true" duration-ms="2" started-at="2017-06-09T11:16:47Z" finished-at="2017-06-09T11:16:47Z">
          <params>
            <param index="0">
              <value>
                <![CDATA[org.testng.TestRunner@c540f5a]]>
              </value>
            </param>
          </params>
          <reporter-output>
          </reporter-output>
        </test-method> <!-- setupTest -->
        <test-method status="FAIL" signature="beforeTest()[pri:0, instance:com.timesofindia.tests.ToiTest@7a9273a8]" name="beforeTest" is-config="true" duration-ms="0" started-at="2017-06-09T11:16:47Z" depends-on-methods="com.qmetry.qaf.automation.ui.AbstractTestCase.setupTest" finished-at="2017-06-09T11:16:47Z">
          <exception class="org.openqa.selenium.WebDriverException">
            <message>
              <![CDATA[unknown error: cannot get automation extension
from chrome not reachable
  (Session info: chrome=58.0.3029.110)
  (Driver info: chromedriver=2.29.461591 (62ebf098771772160f391d75e589dc567915b233),platform=Windows NT 6.3.9600 x86_64) (WARNING: The server did not provide any stacktrace information)
Command duration or timeout: 4.27 seconds
Build info: version: '2.53.0', revision: '35ae25b1534ae328c771e0856c93e187490ca824', time: '2016-03-15 10:43:46'
System info: host: 'icpl12186', ip: '10.11.28.37', os.name: 'Windows 8.1', os.arch: 'amd64', os.version: '6.3', java.version: '1.8.0_111'
Driver info: com.qmetry.qaf.automation.ui.webdriver.QAFExtendedWebDriver
Capabilities [{applicationCacheEnabled=false, rotatable=false, mobileEmulationEnabled=false, networkConnectionEnabled=false, chrome={chromedriverVersion=2.29.461591 (62ebf098771772160f391d75e589dc567915b233), userDataDir=C:\Users\TAPAS~1.PAD\AppData\Local\Temp\scoped_dir9684_14991}, takesHeapSnapshot=true, pageLoadStrategy=normal, databaseEnabled=false, handlesAlerts=true, hasTouchScreen=false, version=58.0.3029.110, platform=WIN8_1, browserConnectionEnabled=false, nativeEvents=true, acceptSslCerts=true, locationContextEnabled=true, webStorageEnabled=true, browserName=chrome, takesScreenshot=true, javascriptEnabled=true, cssSelectorsEnabled=true, unexpectedAlertBehaviour=}]
Session ID: adde84e72e2b6129d580e054fa35d731]]>
            </message>
            <full-stacktrace>
              <![CDATA[org.openqa.selenium.WebDriverException: unknown error: cannot get automation extension
from chrome not reachable
  (Session info: chrome=58.0.3029.110)
  (Driver info: chromedriver=2.29.461591 (62ebf098771772160f391d75e589dc567915b233),platform=Windows NT 6.3.9600 x86_64) (WARNING: The server did not provide any stacktrace information)
Command duration or timeout: 4.27 seconds
Build info: version: '2.53.0', revision: '35ae25b1534ae328c771e0856c93e187490ca824', time: '2016-03-15 10:43:46'
System info: host: 'icpl12186', ip: '10.11.28.37', os.name: 'Windows 8.1', os.arch: 'amd64', os.version: '6.3', java.version: '1.8.0_111'
Driver info: com.qmetry.qaf.automation.ui.webdriver.QAFExtendedWebDriver
Capabilities [{applicationCacheEnabled=false, rotatable=false, mobileEmulationEnabled=false, networkConnectionEnabled=false, chrome={chromedriverVersion=2.29.461591 (62ebf098771772160f391d75e589dc567915b233), userDataDir=C:\Users\TAPAS~1.PAD\AppData\Local\Temp\scoped_dir9684_14991}, takesHeapSnapshot=true, pageLoadStrategy=normal, databaseEnabled=false, handlesAlerts=true, hasTouchScreen=false, version=58.0.3029.110, platform=WIN8_1, browserConnectionEnabled=false, nativeEvents=true, acceptSslCerts=true, locationContextEnabled=true, webStorageEnabled=true, browserName=chrome, takesScreenshot=true, javascriptEnabled=true, cssSelectorsEnabled=true, unexpectedAlertBehaviour=}]
Session ID: adde84e72e2b6129d580e054fa35d731
	at sun.reflect.NativeConstructorAccessorImpl.newInstance0(Native Method)
	at sun.reflect.NativeConstructorAccessorImpl.newInstance(NativeConstructorAccessorImpl.java:62)
	at sun.reflect.DelegatingConstructorAccessorImpl.newInstance(DelegatingConstructorAccessorImpl.java:45)
	at java.lang.reflect.Constructor.newInstance(Constructor.java:423)
	at org.openqa.selenium.remote.ErrorHandler.createThrowable(ErrorHandler.java:206)
	at org.openqa.selenium.remote.ErrorHandler.throwIfResponseFailed(ErrorHandler.java:158)
	at org.openqa.selenium.remote.RemoteWebDriver.execute(RemoteWebDriver.java:678)
	at com.qmetry.qaf.automation.ui.webdriver.QAFExtendedWebDriver.execute(QAFExtendedWebDriver.java:234)
	at org.openqa.selenium.remote.RemoteWebDriver$RemoteWebDriverOptions$RemoteWindow.maximize(RemoteWebDriver.java:945)
	at com.timesofindia.pages.HomePage.openPage(HomePage.java:52)
	at com.qmetry.qaf.automation.ui.AbstractTestPage.launchPage(AbstractTestPage.java:136)
	at com.timesofindia.tests.ToiTest.beforeTest(ToiTest.java:22)
	at sun.reflect.NativeMethodAccessorImpl.invoke0(Native Method)
	at sun.reflect.NativeMethodAccessorImpl.invoke(NativeMethodAccessorImpl.java:62)
	at sun.reflect.DelegatingMethodAccessorImpl.invoke(DelegatingMethodAccessorImpl.java:43)
	at java.lang.reflect.Method.invoke(Method.java:498)
	at org.testng.internal.MethodInvocationHelper.invokeMethod(MethodInvocationHelper.java:86)
	at org.testng.internal.Invoker.invokeConfigurationMethod(Invoker.java:514)
	at org.testng.internal.Invoker.invokeConfigurations(Invoker.java:215)
	at org.testng.internal.Invoker.invokeConfigurations(Invoker.java:142)
	at org.testng.TestRunner.beforeRun(TestRunner.java:679)
	at org.testng.TestRunner.run(TestRunner.java:647)
	at org.testng.SuiteRunner.runTest(SuiteRunner.java:366)
	at org.testng.SuiteRunner.runSequentially(SuiteRunner.java:361)
	at org.testng.SuiteRunner.privateRun(SuiteRunner.java:319)
	at org.testng.SuiteRunner.run(SuiteRunner.java:268)
	at org.testng.SuiteRunnerWorker.runSuite(SuiteRunnerWorker.java:52)
	at org.testng.SuiteRunnerWorker.run(SuiteRunnerWorker.java:86)
	at org.testng.TestNG.runSuitesSequentially(TestNG.java:1244)
	at org.testng.TestNG.runSuitesLocally(TestNG.java:1169)
	at org.testng.TestNG.run(TestNG.java:1064)
	at org.apache.maven.surefire.testng.TestNGExecutor.run(TestNGExecutor.java:122)
	at org.apache.maven.surefire.testng.TestNGXmlTestSuite.execute(TestNGXmlTestSuite.java:92)
	at org.apache.maven.surefire.testng.TestNGProvider.invoke(TestNGProvider.java:101)
	at sun.reflect.NativeMethodAccessorImpl.invoke0(Native Method)
	at sun.reflect.NativeMethodAccessorImpl.invoke(NativeMethodAccessorImpl.java:62)
	at sun.reflect.DelegatingMethodAccessorImpl.invoke(DelegatingMethodAccessorImpl.java:43)
	at java.lang.reflect.Method.invoke(Method.java:498)
	at org.apache.maven.surefire.util.ReflectionUtils.invokeMethodWithArray(ReflectionUtils.java:164)
	at org.apache.maven.surefire.booter.ProviderFactory$ProviderProxy.invoke(ProviderFactory.java:110)
	at org.apache.maven.surefire.booter.SurefireStarter.invokeProvider(SurefireStarter.java:172)
	at org.apache.maven.surefire.booter.SurefireStarter.runSuitesInProcessWhenForked(SurefireStarter.java:104)
	at org.apache.maven.surefire.booter.ForkedBooter.main(ForkedBooter.java:70)
]]>
            </full-stacktrace>
          </exception> <!-- org.openqa.selenium.WebDriverException -->
          <reporter-output>
            <line>
              <![CDATA[<div style="display:block;margin-left:10px;"><div  class="fail"><span class="fail-label">F </span>unknown error: cannot get automation extension
from chrome not reachable
  (Session info: chrome=58.0.3029.110)
  (Driver info: chromedriver=2.29.461591 (62ebf098771772160f391d75e589dc567915b233),platform=Windows NT 6.3.9600 x86_64) (WARNING: The server did not provide any stacktrace information)
Command duration or timeout: 4.27 seconds
Build info: version: '2.53.0', revision: '35ae25b1534ae328c771e0856c93e187490ca824', time: '2016-03-15 10:43:46'
System info: host: 'icpl12186', ip: '10.11.28.37', os.name: 'Windows 8.1', os.arch: 'amd64', os.version: '6.3', java.version: '1.8.0_111'
Driver info: com.qmetry.qaf.automation.ui.webdriver.QAFExtendedWebDriver
Capabilities [{applicationCacheEnabled=false, rotatable=false, mobileEmulationEnabled=false, networkConnectionEnabled=false, chrome={chromedriverVersion=2.29.461591 (62ebf098771772160f391d75e589dc567915b233), userDataDir=C:\Users\TAPAS~1.PAD\AppData\Local\Temp\scoped_dir9684_14991}, takesHeapSnapshot=true, pageLoadStrategy=normal, databaseEnabled=false, handlesAlerts=true, hasTouchScreen=false, version=58.0.3029.110, platform=WIN8_1, browserConnectionEnabled=false, nativeEvents=true, acceptSslCerts=true, locationContextEnabled=true, webStorageEnabled=true, browserName=chrome, takesScreenshot=true, javascriptEnabled=true, cssSelectorsEnabled=true, unexpectedAlertBehaviour=}]
Session ID: adde84e72e2b6129d580e054fa35d731</div></div>]]>
            </line>
          </reporter-output>
        </test-method> <!-- beforeTest -->
        <test-method status="PASS" signature="setup(org.testng.ITestContext)[pri:0, instance:com.timesofindia.tests.ToiTest@7a9273a8]" name="setup" is-config="true" duration-ms="1" started-at="2017-06-09T11:17:01Z" finished-at="2017-06-09T11:17:01Z">
          <params>
            <param index="0">
              <value>
                <![CDATA[org.testng.TestRunner@c540f5a]]>
              </value>
            </param>
          </params>
          <reporter-output>
          </reporter-output>
        </test-method> <!-- setup -->
        <test-method status="PASS" signature="setupMethod(java.lang.reflect.Method, org.testng.ITestContext)[pri:0, instance:com.timesofindia.tests.ToiTest@7a9273a8]" name="setupMethod" is-config="true" duration-ms="2" started-at="2017-06-09T11:17:01Z" finished-at="2017-06-09T11:17:01Z">
          <params>
            <param index="0">
              <value>
                <![CDATA[public void com.timesofindia.tests.ToiTest.toiPageVerification()]]>
              </value>
            </param>
            <param index="1">
              <value>
                <![CDATA[org.testng.TestRunner@c540f5a]]>
              </value>
            </param>
          </params>
          <reporter-output>
          </reporter-output>
        </test-method> <!-- setupMethod -->
        <test-method status="SKIP" signature="toiPageVerification()[pri:0, instance:com.timesofindia.tests.ToiTest@7a9273a8]" name="toiPageVerification" duration-ms="2" started-at="2017-06-09T11:17:01Z" description="Times Of India Page verification" finished-at="2017-06-09T11:17:01Z">
          <reporter-output>
            <line>
              <![CDATA[<div style="display:block;margin-left:10px;"></div>]]>
            </line>
          </reporter-output>
        </test-method> <!-- toiPageVerification -->
        <test-method status="PASS" signature="afterMethod(org.testng.ITestContext, org.testng.ITestResult)[pri:0, instance:com.timesofindia.tests.ToiTest@7a9273a8]" name="afterMethod" is-config="true" duration-ms="1" started-at="2017-06-09T11:17:01Z" finished-at="2017-06-09T11:17:01Z">
          <params>
            <param index="0">
              <value>
                <![CDATA[org.testng.TestRunner@c540f5a]]>
              </value>
            </param>
            <param index="1">
              <value>
                <![CDATA[[TestResult name=toiPageVerification status=SKIP method=ToiTest.toiPageVerification()[pri:0, instance:com.timesofindia.tests.ToiTest@7a9273a8] output=<div style="display:block;margin-left:10px;"></div>]]]>
              </value>
            </param>
          </params>
          <reporter-output>
          </reporter-output>
        </test-method> <!-- afterMethod -->
        <test-method status="PASS" signature="afterClass(org.testng.ITestContext)[pri:0, instance:com.timesofindia.tests.ToiTest@7a9273a8]" name="afterClass" is-config="true" duration-ms="1" started-at="2017-06-09T11:17:01Z" finished-at="2017-06-09T11:17:01Z">
          <params>
            <param index="0">
              <value>
                <![CDATA[org.testng.TestRunner@c540f5a]]>
              </value>
            </param>
          </params>
          <reporter-output>
          </reporter-output>
        </test-method> <!-- afterClass -->
        <test-method status="PASS" signature="afterTest(org.testng.ITestContext)[pri:0, instance:com.timesofindia.tests.ToiTest@7a9273a8]" name="afterTest" is-config="true" duration-ms="1118" started-at="2017-06-09T11:17:01Z" finished-at="2017-06-09T11:17:02Z">
          <params>
            <param index="0">
              <value>
                <![CDATA[org.testng.TestRunner@c540f5a]]>
              </value>
            </param>
          </params>
          <reporter-output>
          </reporter-output>
        </test-method> <!-- afterTest -->
        <test-method status="SKIP" signature="afterSuit(org.testng.ITestContext)[pri:0, instance:com.timesofindia.tests.ToiTest@7a9273a8]" name="afterSuit" is-config="true" duration-ms="0" started-at="2017-06-09T11:17:02Z" finished-at="2017-06-09T11:17:02Z">
          <reporter-output>
          </reporter-output>
        </test-method> <!-- afterSuit -->
      </class> <!-- com.timesofindia.tests.ToiTest -->
    </test> <!-- DemoTest -->
  </suite> <!-- QAS Demo -->
</testng-results>
