-------------------------------------------------------------------------------
Test set: TestSuite
-------------------------------------------------------------------------------
Tests run: 1, Failures: 1, Errors: 0, Skipped: 0, Time elapsed: 75.372 sec <<< FAILURE!
toiPageVerification(com.timesofindia.tests.ToiTest)  Time elapsed: 54.676 sec  <<< FAILURE!
null