<?xml version="1.0" encoding="UTF-8"?>
<!-- Generated by org.testng.reporters.JUnitXMLReporter -->
<testsuite hostname="icpl12186" name="DemoTest" tests="1" failures="0" timestamp="22 Jun 2017 07:34:57 GMT" time="0.253" errors="0">
  <testcase name="@BeforeMethod beforeMethod" time="0.0" classname="com.timesofindia.tests.ToiTest">
    <skipped/>
  </testcase> <!-- @BeforeMethod beforeMethod -->
  <testcase name="toiPageVerification" time="0.002" classname="com.timesofindia.tests.ToiTest">
    <skipped/>
  </testcase> <!-- toiPageVerification -->
</testsuite> <!-- DemoTest -->
