<?xml version="1.0" encoding="UTF-8"?>
<!-- Generated by org.testng.reporters.JUnitXMLReporter -->
<testsuite hostname="icpl12186" name="DemoTest" tests="1" failures="0" timestamp="9 Jun 2017 06:21:11 GMT" time="0.165" errors="0">
  <testcase name="@BeforeTest beforeTest" time="0.0" classname="com.timesofindia.tests.ToiTest">
    <skipped/>
  </testcase> <!-- @BeforeTest beforeTest -->
  <testcase name="toiPageVerification" time="0.001" classname="com.timesofindia.tests.ToiTest">
    <skipped/>
  </testcase> <!-- toiPageVerification -->
</testsuite> <!-- DemoTest -->
