<?xml version="1.0" encoding="UTF-8"?>
<testng-results skipped="0" failed="0" total="1" passed="1">
  <reporter-output>
    <line>
      <![CDATA[<div style="display:block;margin-left:10px;"></div>]]>
    </line>
    <line>
      <![CDATA[<div style="display:block;margin-left:10px;"><div  class="teststeppass"><span class="teststeppass-label">T </span>Decline notifications</div><div style="display:block;margin-left:10px;"><div  class="pass"><span class="pass-label">P </span>Expected Notification Pop-Up present : Actual Notification Pop-Up present <a href="../img/toiPageVerificationEntertainment_1o0a6j5tkx3ss30275.png" target="_blank">[View Screenshot]</a> </div><div  class="pass"><span class="pass-label">P </span>Expected Not now button on Pop-Up present : Actual Not now button on Pop-Up present <a href="../img/toiPageVerificationEntertainment_1gmjytqmtjbr430276.png" target="_blank">[View Screenshot]</a> </div><div  class="info"><span class="info-label">I </span>Declining popup - Not to receive notofications</div></div><div  class="teststeppass"><span class="teststeppass-label">T </span>Entertainment section verification</div><div style="display:block;margin-left:10px;"><div  class="pass"><span class="pass-label">P </span>Expected Top news text present : Actual Top news text present <a href="../img/toiPageVerificationEntertainment_isqpe5nx4c6930277.png" target="_blank">[View Screenshot]</a> </div><div  class="pass"><span class="pass-label">P </span>Expected Entertainment news section present : Actual Entertainment news section present <a href="../img/toiPageVerificationEntertainment_1cqwf6ktx9al330278.png" target="_blank">[View Screenshot]</a> </div></div><div  class="teststeppass"><span class="teststeppass-label">T </span>Extract entertainment section's news</div><div style="display:block;margin-left:10px;"><div  class="info"><span class="info-label">I </span>Entertainment news size count is 11</div><div  class="info"><span class="info-label">I </span>Prabhas, Varun recreate iconic ‘Baahubali’ pose</div><div  class="info"><span class="info-label">I </span>'Jab Harry Met Sejal' mini trailer 3</div><div  class="info"><span class="info-label">I </span>Kabir Khan on ‘Little Boy’ and ‘Tubelight’</div><div  class="info"><span class="info-label">I </span>‘Tubelight’ is Salman’s shortest film</div><div  class="info"><span class="info-label">I </span>Priyanka reunites with pooch Diana in New York</div><div  class="info"><span class="info-label">I </span>SRK’s daughter Suhana to make her debut?</div><div  class="info"><span class="info-label">I </span>Stars reacted to India V/S Pak match</div><div  class="info"><span class="info-label">I </span>Salman introduces ‘Tubelight’ star Matin</div><div  class="info"><span class="info-label">I </span>Pic: SRK's stunning selfie with wife Gauri</div><div  class="info"><span class="info-label">I </span>Pic: Bebo takes Taimur to visit granny Babita</div><div  class="info"><span class="info-label">I </span>Model's tragic death after 100 plastic surgeries</div></div><div  class="teststeppass"><span class="teststeppass-label">T </span>Verify total number of image displayed</div><div style="display:block;margin-left:10px;"><div  class="pass"><span class="pass-label">P </span>Total number of image displayed : 
Expected: &lt;3&gt;
     Actual: was &lt;3&gt; <a href="../img/toiPageVerificationEntertainment_1r602ho1amam530279.png" target="_blank">[View Screenshot]</a> </div><div  class="info"><span class="info-label">I </span>Verifying after clicking on Next button</div><div  class="pass"><span class="pass-label">P </span>Total number of image displayed : 
Expected: &lt;3&gt;
     Actual: was &lt;3&gt; <a href="../img/toiPageVerificationEntertainment_vbx98kp4kvwd30280.png" target="_blank">[View Screenshot]</a> </div><div  class="info"><span class="info-label">I </span>Verifying after clicking on Back button</div><div  class="pass"><span class="pass-label">P </span>Total number of image displayed : 
Expected: &lt;3&gt;
     Actual: was &lt;3&gt; <a href="../img/toiPageVerificationEntertainment_21e24yefuas630281.png" target="_blank">[View Screenshot]</a> </div></div><div  class="info"><span class="info-label">I </span>Prabhas, Varun recreate iconic ‘Baahubali’ pose</div><div  class="info"><span class="info-label">I </span>‘Tubelight’gets ‘U’ certificate, is Salman’s</div><div  class="info"><span class="info-label">I </span>Salman introduces ‘Tubelight’ star Matin</div><div  class="info"><span class="info-label">I </span>Priyanka Chopra reunites with her pooch Diana in</div><div  class="info"><span class="info-label">I </span>Baadshaho poster: 6 badasses aim for gold</div><div  class="info"><span class="info-label">I </span>Movie Review: Bank Chor</div><div  class="info"><span class="info-label">I </span>Actress Anjali Shrivastav found dead in Andheri</div><div  class="info"><span class="info-label">I </span>Pic: Bebo takes Taimur to visit granny Babita</div><div  class="info"><span class="info-label">I </span>Pic: SRK's stunning selfie with wife Gauri</div><div  class="info"><span class="info-label">I </span>Anil Kapoor starrer 'Mubarakan' poster</div><div  class="info"><span class="info-label">I </span>Stars reacted to India V/S Pak match</div><div  class="info"><span class="info-label">I </span>Throwback: When Yuvraj Singh worked as a child</div><div  class="info"><span class="info-label">I </span>Everyday is phenomenal for Sonam with Anand</div><div  class="info"><span class="info-label">I </span>‘Jab Harry Met Sejal’ mini trailer 2</div><div  class="info"><span class="info-label">I </span></div><div  class="info"><span class="info-label">I </span>Witness Salman Khan-Sohail Khan's adorable</div><div  class="info"><span class="info-label">I </span>Government ropes in Amitabh Bachchan to promote</div><div  class="info"><span class="info-label">I </span>Pooja Bhatt on playing an alcoholic after quitting</div><div  class="info"><span class="info-label">I </span>No NOC required from Gandhi family for 'Indu</div><div  class="info"><span class="info-label">I </span>PIC: Sunny Leone looks mesmerising in this peach</div><div  class="info"><span class="info-label">I </span>Then and now: Arjun Kapoor is unrecognisable</div><div  class="info"><span class="info-label">I </span>‘When Harry Met Sejal’ mini trailer: Shah Rukh Khan</div><div  class="info"><span class="info-label">I </span>Bollywood celebs like Shah Rukh Khan, Anupam Kher,</div><div  class="info"><span class="info-label">I </span>Father’s Day: Celebs wish the super dads</div><div  class="info"><span class="info-label">I </span>Sidharth Malhotra, Manoj Bajpayee don Army uniform</div><div  class="info"><span class="info-label">I </span>Kabir Khan supports Salman Khan's anti-war comments</div><div  class="info"><span class="info-label">I </span>Salman Khan bonds with 'Tubelight's child actor in</div><div  class="info"><span class="info-label">I </span>Video: Vivek’s kids wish him Father’s Day</div><div  class="info"><span class="info-label">I </span>Pic: Sonakshi Sinha in a super-cool avatar</div></div>]]>
    </line>
  </reporter-output>
  <suite name="QAS Demo" duration-ms="48488" started-at="2017-06-20T06:39:13Z" finished-at="2017-06-20T06:40:02Z">
    <groups>
      <group name="TOI_Regression">
        <method signature="ToiTest.toiPageVerificationEntertainment()[pri:0, instance:com.timesofindia.tests.ToiTest@7a9273a8]" name="toiPageVerificationEntertainment" class="com.timesofindia.tests.ToiTest"/>
      </group> <!-- TOI_Regression -->
    </groups>
    <test name="DemoTest" duration-ms="48488" started-at="2017-06-20T06:39:13Z" finished-at="2017-06-20T06:40:02Z">
      <class name="com.timesofindia.tests.ToiTest">
        <test-method status="PASS" signature="setupSuit(org.testng.ITestContext)[pri:0, instance:com.timesofindia.tests.ToiTest@7a9273a8]" name="setupSuit" is-config="true" duration-ms="29" started-at="2017-06-20T12:09:13Z" finished-at="2017-06-20T12:09:13Z">
          <params>
            <param index="0">
              <value>
                <![CDATA[org.testng.TestRunner@c540f5a]]>
              </value>
            </param>
          </params>
          <reporter-output>
          </reporter-output>
        </test-method> <!-- setupSuit -->
        <test-method status="PASS" signature="setupTest(org.testng.ITestContext)[pri:0, instance:com.timesofindia.tests.ToiTest@7a9273a8]" name="setupTest" is-config="true" duration-ms="2" started-at="2017-06-20T12:09:13Z" finished-at="2017-06-20T12:09:13Z">
          <params>
            <param index="0">
              <value>
                <![CDATA[org.testng.TestRunner@c540f5a]]>
              </value>
            </param>
          </params>
          <reporter-output>
          </reporter-output>
        </test-method> <!-- setupTest -->
        <test-method status="PASS" signature="beforeTest()[pri:0, instance:com.timesofindia.tests.ToiTest@7a9273a8]" name="beforeTest" is-config="true" duration-ms="8987" started-at="2017-06-20T12:09:13Z" depends-on-methods="com.qmetry.qaf.automation.ui.AbstractTestCase.setupTest" finished-at="2017-06-20T12:09:22Z">
          <reporter-output>
            <line>
              <![CDATA[<div style="display:block;margin-left:10px;"></div>]]>
            </line>
          </reporter-output>
        </test-method> <!-- beforeTest -->
        <test-method status="PASS" signature="setup(org.testng.ITestContext)[pri:0, instance:com.timesofindia.tests.ToiTest@7a9273a8]" name="setup" is-config="true" duration-ms="1" started-at="2017-06-20T12:09:22Z" finished-at="2017-06-20T12:09:22Z">
          <params>
            <param index="0">
              <value>
                <![CDATA[org.testng.TestRunner@c540f5a]]>
              </value>
            </param>
          </params>
          <reporter-output>
          </reporter-output>
        </test-method> <!-- setup -->
        <test-method status="PASS" signature="setupMethod(java.lang.reflect.Method, org.testng.ITestContext)[pri:0, instance:com.timesofindia.tests.ToiTest@7a9273a8]" name="setupMethod" is-config="true" duration-ms="1" started-at="2017-06-20T12:09:22Z" finished-at="2017-06-20T12:09:22Z">
          <params>
            <param index="0">
              <value>
                <![CDATA[public void com.timesofindia.tests.ToiTest.toiPageVerificationEntertainment()]]>
              </value>
            </param>
            <param index="1">
              <value>
                <![CDATA[org.testng.TestRunner@c540f5a]]>
              </value>
            </param>
          </params>
          <reporter-output>
          </reporter-output>
        </test-method> <!-- setupMethod -->
        <test-method status="PASS" signature="toiPageVerificationEntertainment()[pri:0, instance:com.timesofindia.tests.ToiTest@7a9273a8]" name="toiPageVerificationEntertainment" duration-ms="38194" started-at="2017-06-20T12:09:22Z" description="Times Of India Entertainment" finished-at="2017-06-20T12:10:00Z">
          <reporter-output>
            <line>
              <![CDATA[<div style="display:block;margin-left:10px;"><div  class="teststeppass"><span class="teststeppass-label">T </span>Decline notifications</div><div style="display:block;margin-left:10px;"><div  class="pass"><span class="pass-label">P </span>Expected Notification Pop-Up present : Actual Notification Pop-Up present <a href="../img/toiPageVerificationEntertainment_1o0a6j5tkx3ss30275.png" target="_blank">[View Screenshot]</a> </div><div  class="pass"><span class="pass-label">P </span>Expected Not now button on Pop-Up present : Actual Not now button on Pop-Up present <a href="../img/toiPageVerificationEntertainment_1gmjytqmtjbr430276.png" target="_blank">[View Screenshot]</a> </div><div  class="info"><span class="info-label">I </span>Declining popup - Not to receive notofications</div></div><div  class="teststeppass"><span class="teststeppass-label">T </span>Entertainment section verification</div><div style="display:block;margin-left:10px;"><div  class="pass"><span class="pass-label">P </span>Expected Top news text present : Actual Top news text present <a href="../img/toiPageVerificationEntertainment_isqpe5nx4c6930277.png" target="_blank">[View Screenshot]</a> </div><div  class="pass"><span class="pass-label">P </span>Expected Entertainment news section present : Actual Entertainment news section present <a href="../img/toiPageVerificationEntertainment_1cqwf6ktx9al330278.png" target="_blank">[View Screenshot]</a> </div></div><div  class="teststeppass"><span class="teststeppass-label">T </span>Extract entertainment section's news</div><div style="display:block;margin-left:10px;"><div  class="info"><span class="info-label">I </span>Entertainment news size count is 11</div><div  class="info"><span class="info-label">I </span>Prabhas, Varun recreate iconic ‘Baahubali’ pose</div><div  class="info"><span class="info-label">I </span>'Jab Harry Met Sejal' mini trailer 3</div><div  class="info"><span class="info-label">I </span>Kabir Khan on ‘Little Boy’ and ‘Tubelight’</div><div  class="info"><span class="info-label">I </span>‘Tubelight’ is Salman’s shortest film</div><div  class="info"><span class="info-label">I </span>Priyanka reunites with pooch Diana in New York</div><div  class="info"><span class="info-label">I </span>SRK’s daughter Suhana to make her debut?</div><div  class="info"><span class="info-label">I </span>Stars reacted to India V/S Pak match</div><div  class="info"><span class="info-label">I </span>Salman introduces ‘Tubelight’ star Matin</div><div  class="info"><span class="info-label">I </span>Pic: SRK's stunning selfie with wife Gauri</div><div  class="info"><span class="info-label">I </span>Pic: Bebo takes Taimur to visit granny Babita</div><div  class="info"><span class="info-label">I </span>Model's tragic death after 100 plastic surgeries</div></div><div  class="teststeppass"><span class="teststeppass-label">T </span>Verify total number of image displayed</div><div style="display:block;margin-left:10px;"><div  class="pass"><span class="pass-label">P </span>Total number of image displayed : 
Expected: &lt;3&gt;
     Actual: was &lt;3&gt; <a href="../img/toiPageVerificationEntertainment_1r602ho1amam530279.png" target="_blank">[View Screenshot]</a> </div><div  class="info"><span class="info-label">I </span>Verifying after clicking on Next button</div><div  class="pass"><span class="pass-label">P </span>Total number of image displayed : 
Expected: &lt;3&gt;
     Actual: was &lt;3&gt; <a href="../img/toiPageVerificationEntertainment_vbx98kp4kvwd30280.png" target="_blank">[View Screenshot]</a> </div><div  class="info"><span class="info-label">I </span>Verifying after clicking on Back button</div><div  class="pass"><span class="pass-label">P </span>Total number of image displayed : 
Expected: &lt;3&gt;
     Actual: was &lt;3&gt; <a href="../img/toiPageVerificationEntertainment_21e24yefuas630281.png" target="_blank">[View Screenshot]</a> </div></div><div  class="info"><span class="info-label">I </span>Prabhas, Varun recreate iconic ‘Baahubali’ pose</div><div  class="info"><span class="info-label">I </span>‘Tubelight’gets ‘U’ certificate, is Salman’s</div><div  class="info"><span class="info-label">I </span>Salman introduces ‘Tubelight’ star Matin</div><div  class="info"><span class="info-label">I </span>Priyanka Chopra reunites with her pooch Diana in</div><div  class="info"><span class="info-label">I </span>Baadshaho poster: 6 badasses aim for gold</div><div  class="info"><span class="info-label">I </span>Movie Review: Bank Chor</div><div  class="info"><span class="info-label">I </span>Actress Anjali Shrivastav found dead in Andheri</div><div  class="info"><span class="info-label">I </span>Pic: Bebo takes Taimur to visit granny Babita</div><div  class="info"><span class="info-label">I </span>Pic: SRK's stunning selfie with wife Gauri</div><div  class="info"><span class="info-label">I </span>Anil Kapoor starrer 'Mubarakan' poster</div><div  class="info"><span class="info-label">I </span>Stars reacted to India V/S Pak match</div><div  class="info"><span class="info-label">I </span>Throwback: When Yuvraj Singh worked as a child</div><div  class="info"><span class="info-label">I </span>Everyday is phenomenal for Sonam with Anand</div><div  class="info"><span class="info-label">I </span>‘Jab Harry Met Sejal’ mini trailer 2</div><div  class="info"><span class="info-label">I </span></div><div  class="info"><span class="info-label">I </span>Witness Salman Khan-Sohail Khan's adorable</div><div  class="info"><span class="info-label">I </span>Government ropes in Amitabh Bachchan to promote</div><div  class="info"><span class="info-label">I </span>Pooja Bhatt on playing an alcoholic after quitting</div><div  class="info"><span class="info-label">I </span>No NOC required from Gandhi family for 'Indu</div><div  class="info"><span class="info-label">I </span>PIC: Sunny Leone looks mesmerising in this peach</div><div  class="info"><span class="info-label">I </span>Then and now: Arjun Kapoor is unrecognisable</div><div  class="info"><span class="info-label">I </span>‘When Harry Met Sejal’ mini trailer: Shah Rukh Khan</div><div  class="info"><span class="info-label">I </span>Bollywood celebs like Shah Rukh Khan, Anupam Kher,</div><div  class="info"><span class="info-label">I </span>Father’s Day: Celebs wish the super dads</div><div  class="info"><span class="info-label">I </span>Sidharth Malhotra, Manoj Bajpayee don Army uniform</div><div  class="info"><span class="info-label">I </span>Kabir Khan supports Salman Khan's anti-war comments</div><div  class="info"><span class="info-label">I </span>Salman Khan bonds with 'Tubelight's child actor in</div><div  class="info"><span class="info-label">I </span>Video: Vivek’s kids wish him Father’s Day</div><div  class="info"><span class="info-label">I </span>Pic: Sonakshi Sinha in a super-cool avatar</div></div>]]>
            </line>
          </reporter-output>
        </test-method> <!-- toiPageVerificationEntertainment -->
        <test-method status="PASS" signature="afterMethod(org.testng.ITestContext, org.testng.ITestResult)[pri:0, instance:com.timesofindia.tests.ToiTest@7a9273a8]" name="afterMethod" is-config="true" duration-ms="0" started-at="2017-06-20T12:10:00Z" finished-at="2017-06-20T12:10:00Z">
          <params>
            <param index="0">
              <value>
                <![CDATA[org.testng.TestRunner@c540f5a]]>
              </value>
            </param>
            <param index="1">
              <value>
                <![CDATA[[TestResult name=toiPageVerificationEntertainment status=SUCCESS method=ToiTest.toiPageVerificationEntertainment()[pri:0, instance:com.timesofindia.tests.ToiTest@7a9273a8] output=<div style="display:block;margin-left:10px;"><div  class="teststeppass"><span class="teststeppass-label">T </span>Decline notifications</div><div style="display:block;margin-left:10px;"><div  class="pass"><span class="pass-label">P </span>Expected Notification Pop-Up present : Actual Notification Pop-Up present <a href="../img/toiPageVerificationEntertainment_1o0a6j5tkx3ss30275.png" target="_blank">[View Screenshot]</a> </div><div  class="pass"><span class="pass-label">P </span>Expected Not now button on Pop-Up present : Actual Not now button on Pop-Up present <a href="../img/toiPageVerificationEntertainment_1gmjytqmtjbr430276.png" target="_blank">[View Screenshot]</a> </div><div  class="info"><span class="info-label">I </span>Declining popup - Not to receive notofications</div></div><div  class="teststeppass"><span class="teststeppass-label">T </span>Entertainment section verification</div><div style="display:block;margin-left:10px;"><div  class="pass"><span class="pass-label">P </span>Expected Top news text present : Actual Top news text present <a href="../img/toiPageVerificationEntertainment_isqpe5nx4c6930277.png" target="_blank">[View Screenshot]</a> </div><div  class="pass"><span class="pass-label">P </span>Expected Entertainment news section present : Actual Entertainment news section present <a href="../img/toiPageVerificationEntertainment_1cqwf6ktx9al330278.png" target="_blank">[View Screenshot]</a> </div></div><div  class="teststeppass"><span class="teststeppass-label">T </span>Extract entertainment section's news</div><div style="display:block;margin-left:10px;"><div  class="info"><span class="info-label">I </span>Entertainment news size count is 11</div><div  class="info"><span class="info-label">I </span>Prabhas, Varun recreate iconic ‘Baahubali’ pose</div><div  class="info"><span class="info-label">I </span>'Jab Harry Met Sejal' mini trailer 3</div><div  class="info"><span class="info-label">I </span>Kabir Khan on ‘Little Boy’ and ‘Tubelight’</div><div  class="info"><span class="info-label">I </span>‘Tubelight’ is Salman’s shortest film</div><div  class="info"><span class="info-label">I </span>Priyanka reunites with pooch Diana in New York</div><div  class="info"><span class="info-label">I </span>SRK’s daughter Suhana to make her debut?</div><div  class="info"><span class="info-label">I </span>Stars reacted to India V/S Pak match</div><div  class="info"><span class="info-label">I </span>Salman introduces ‘Tubelight’ star Matin</div><div  class="info"><span class="info-label">I </span>Pic: SRK's stunning selfie with wife Gauri</div><div  class="info"><span class="info-label">I </span>Pic: Bebo takes Taimur to visit granny Babita</div><div  class="info"><span class="info-label">I </span>Model's tragic death after 100 plastic surgeries</div></div><div  class="teststeppass"><span class="teststeppass-label">T </span>Verify total number of image displayed</div><div style="display:block;margin-left:10px;"><div  class="pass"><span class="pass-label">P </span>Total number of image displayed : 
Expected: &lt;3&gt;
     Actual: was &lt;3&gt; <a href="../img/toiPageVerificationEntertainment_1r602ho1amam530279.png" target="_blank">[View Screenshot]</a> </div><div  class="info"><span class="info-label">I </span>Verifying after clicking on Next button</div><div  class="pass"><span class="pass-label">P </span>Total number of image displayed : 
Expected: &lt;3&gt;
     Actual: was &lt;3&gt; <a href="../img/toiPageVerificationEntertainment_vbx98kp4kvwd30280.png" target="_blank">[View Screenshot]</a> </div><div  class="info"><span class="info-label">I </span>Verifying after clicking on Back button</div><div  class="pass"><span class="pass-label">P </span>Total number of image displayed : 
Expected: &lt;3&gt;
     Actual: was &lt;3&gt; <a href="../img/toiPageVerificationEntertainment_21e24yefuas630281.png" target="_blank">[View Screenshot]</a> </div></div><div  class="info"><span class="info-label">I </span>Prabhas, Varun recreate iconic ‘Baahubali’ pose</div><div  class="info"><span class="info-label">I </span>‘Tubelight’gets ‘U’ certificate, is Salman’s</div><div  class="info"><span class="info-label">I </span>Salman introduces ‘Tubelight’ star Matin</div><div  class="info"><span class="info-label">I </span>Priyanka Chopra reunites with her pooch Diana in</div><div  class="info"><span class="info-label">I </span>Baadshaho poster: 6 badasses aim for gold</div><div  class="info"><span class="info-label">I </span>Movie Review: Bank Chor</div><div  class="info"><span class="info-label">I </span>Actress Anjali Shrivastav found dead in Andheri</div><div  class="info"><span class="info-label">I </span>Pic: Bebo takes Taimur to visit granny Babita</div><div  class="info"><span class="info-label">I </span>Pic: SRK's stunning selfie with wife Gauri</div><div  class="info"><span class="info-label">I </span>Anil Kapoor starrer 'Mubarakan' poster</div><div  class="info"><span class="info-label">I </span>Stars reacted to India V/S Pak match</div><div  class="info"><span class="info-label">I </span>Throwback: When Yuvraj Singh worked as a child</div><div  class="info"><span class="info-label">I </span>Everyday is phenomenal for Sonam with Anand</div><div  class="info"><span class="info-label">I </span>‘Jab Harry Met Sejal’ mini trailer 2</div><div  class="info"><span class="info-label">I </span></div><div  class="info"><span class="info-label">I </span>Witness Salman Khan-Sohail Khan's adorable</div><div  class="info"><span class="info-label">I </span>Government ropes in Amitabh Bachchan to promote</div><div  class="info"><span class="info-label">I </span>Pooja Bhatt on playing an alcoholic after quitting</div><div  class="info"><span class="info-label">I </span>No NOC required from Gandhi family for 'Indu</div><div  class="info"><span class="info-label">I </span>PIC: Sunny Leone looks mesmerising in this peach</div><div  class="info"><span class="info-label">I </span>Then and now: Arjun Kapoor is unrecognisable</div><div  class="info"><span class="info-label">I </span>‘When Harry Met Sejal’ mini trailer: Shah Rukh Khan</div><div  class="info"><span class="info-label">I </span>Bollywood celebs like Shah Rukh Khan, Anupam Kher,</div><div  class="info"><span class="info-label">I </span>Father’s Day: Celebs wish the super dads</div><div  class="info"><span class="info-label">I </span>Sidharth Malhotra, Manoj Bajpayee don Army uniform</div><div  class="info"><span class="info-label">I </span>Kabir Khan supports Salman Khan's anti-war comments</div><div  class="info"><span class="info-label">I </span>Salman Khan bonds with 'Tubelight's child actor in</div><div  class="info"><span class="info-label">I </span>Video: Vivek’s kids wish him Father’s Day</div><div  class="info"><span class="info-label">I </span>Pic: Sonakshi Sinha in a super-cool avatar</div></div>]]]>
              </value>
            </param>
          </params>
          <reporter-output>
          </reporter-output>
        </test-method> <!-- afterMethod -->
        <test-method status="PASS" signature="afterClass(org.testng.ITestContext)[pri:0, instance:com.timesofindia.tests.ToiTest@7a9273a8]" name="afterClass" is-config="true" duration-ms="0" started-at="2017-06-20T12:10:00Z" finished-at="2017-06-20T12:10:00Z">
          <params>
            <param index="0">
              <value>
                <![CDATA[org.testng.TestRunner@c540f5a]]>
              </value>
            </param>
          </params>
          <reporter-output>
          </reporter-output>
        </test-method> <!-- afterClass -->
        <test-method status="PASS" signature="afterTest(org.testng.ITestContext)[pri:0, instance:com.timesofindia.tests.ToiTest@7a9273a8]" name="afterTest" is-config="true" duration-ms="1256" started-at="2017-06-20T12:10:00Z" finished-at="2017-06-20T12:10:02Z">
          <params>
            <param index="0">
              <value>
                <![CDATA[org.testng.TestRunner@c540f5a]]>
              </value>
            </param>
          </params>
          <reporter-output>
          </reporter-output>
        </test-method> <!-- afterTest -->
        <test-method status="PASS" signature="afterSuit(org.testng.ITestContext)[pri:0, instance:com.timesofindia.tests.ToiTest@7a9273a8]" name="afterSuit" is-config="true" duration-ms="0" started-at="2017-06-20T12:10:02Z" finished-at="2017-06-20T12:10:02Z">
          <params>
            <param index="0">
              <value>
                <![CDATA[org.testng.TestRunner@c540f5a]]>
              </value>
            </param>
          </params>
          <reporter-output>
          </reporter-output>
        </test-method> <!-- afterSuit -->
      </class> <!-- com.timesofindia.tests.ToiTest -->
    </test> <!-- DemoTest -->
  </suite> <!-- QAS Demo -->
</testng-results>
