<?xml version="1.0" encoding="UTF-8"?>
<testng-results skipped="0" failed="0" total="1" passed="1">
  <reporter-output>
    <line>
      <![CDATA[<div style="display:block;margin-left:10px;"></div>]]>
    </line>
    <line>
      <![CDATA[<div style="display:block;margin-left:10px;"><div  class="teststeppass"><span class="teststeppass-label">T </span>Decline notifications</div><div style="display:block;margin-left:10px;"><div  class="pass"><span class="pass-label">P </span>Expected Notification Pop-Up present : Actual Notification Pop-Up present <a href="../img/toiPageVerificationEntertainment_1u87u6te4y85o27648.png" target="_blank">[View Screenshot]</a> </div><div  class="pass"><span class="pass-label">P </span>Expected Not now button on Pop-Up present : Actual Not now button on Pop-Up present <a href="../img/toiPageVerificationEntertainment_cyoj03ryobip27649.png" target="_blank">[View Screenshot]</a> </div><div  class="info"><span class="info-label">I </span>Declining popup - Not to receive notofications</div></div><div  class="teststeppass"><span class="teststeppass-label">T </span>Entertainment section verification</div><div style="display:block;margin-left:10px;"><div  class="pass"><span class="pass-label">P </span>Expected Top news text present : Actual Top news text present <a href="../img/toiPageVerificationEntertainment_y1zadkbp6oge27650.png" target="_blank">[View Screenshot]</a> </div><div  class="pass"><span class="pass-label">P </span>Expected Entertainment news section present : Actual Entertainment news section present <a href="../img/toiPageVerificationEntertainment_d8zx0td17b627651.png" target="_blank">[View Screenshot]</a> </div></div><div  class="teststeppass"><span class="teststeppass-label">T </span>Extract entertainment section's news</div><div style="display:block;margin-left:10px;"><div  class="info"><span class="info-label">I </span>Entertainment news size count is 11</div><div  class="info"><span class="info-label">I </span>Then and now: Arjun Kapoor is unrecognisable</div><div  class="info"><span class="info-label">I </span>Aryan shares beautiful pic with mom Gauri Khan</div><div  class="info"><span class="info-label">I </span>Kabir Khan supports Salman’s anti-war comment</div><div  class="info"><span class="info-label">I </span>Pic: Suhana steals the limelight from SRK</div><div  class="info"><span class="info-label">I </span>Celebs come out in support of Team India</div><div  class="info"><span class="info-label">I </span>SRK to have a cameo in 'Jagga Jasoos'?</div><div  class="info"><span class="info-label">I </span>10 lesser known facts about Lisa Haydon</div><div  class="info"><span class="info-label">I </span>Bruised Sanjay Mishra in 'Baadshaho' poster</div><div  class="info"><span class="info-label">I </span>Akshay shares an adorable pic with his son Aarav</div><div  class="info"><span class="info-label">I </span>Sunny Leone and Daniel's PDA on the sets</div><div  class="info"><span class="info-label">I </span>Model criticized for not being too black</div></div><div  class="teststeppass"><span class="teststeppass-label">T </span>Verify total number of image displayed</div><div style="display:block;margin-left:10px;"><div  class="pass"><span class="pass-label">P </span>Total number of image displayed : 
Expected: &lt;3&gt;
     Actual: was &lt;3&gt; <a href="../img/toiPageVerificationEntertainment_1a4da5kgtgf8e27652.png" target="_blank">[View Screenshot]</a> </div><div  class="info"><span class="info-label">I </span>Verifying after clicking on Next button</div><div  class="pass"><span class="pass-label">P </span>Total number of image displayed : 
Expected: &lt;3&gt;
     Actual: was &lt;3&gt; <a href="../img/toiPageVerificationEntertainment_czbve7tig89n27653.png" target="_blank">[View Screenshot]</a> </div><div  class="info"><span class="info-label">I </span>Verifying after clicking on Back button</div><div  class="pass"><span class="pass-label">P </span>Total number of image displayed : 
Expected: &lt;3&gt;
     Actual: was &lt;3&gt; <a href="../img/toiPageVerificationEntertainment_11t6m234jlgua27654.png" target="_blank">[View Screenshot]</a> </div></div></div>]]>
    </line>
  </reporter-output>
  <suite name="QAS Demo" duration-ms="20490" started-at="2017-06-19T07:17:29Z" finished-at="2017-06-19T07:17:50Z">
    <groups>
      <group name="TOI_Regression">
        <method signature="ToiTest.toiPageVerificationEntertainment()[pri:0, instance:com.timesofindia.tests.ToiTest@7a9273a8]" name="toiPageVerificationEntertainment" class="com.timesofindia.tests.ToiTest"/>
      </group> <!-- TOI_Regression -->
    </groups>
    <test name="DemoTest" duration-ms="20490" started-at="2017-06-19T07:17:29Z" finished-at="2017-06-19T07:17:50Z">
      <class name="com.timesofindia.tests.ToiTest">
        <test-method status="PASS" signature="setupSuit(org.testng.ITestContext)[pri:0, instance:com.timesofindia.tests.ToiTest@7a9273a8]" name="setupSuit" is-config="true" duration-ms="30" started-at="2017-06-19T12:47:29Z" finished-at="2017-06-19T12:47:29Z">
          <params>
            <param index="0">
              <value>
                <![CDATA[org.testng.TestRunner@c540f5a]]>
              </value>
            </param>
          </params>
          <reporter-output>
          </reporter-output>
        </test-method> <!-- setupSuit -->
        <test-method status="PASS" signature="setupTest(org.testng.ITestContext)[pri:0, instance:com.timesofindia.tests.ToiTest@7a9273a8]" name="setupTest" is-config="true" duration-ms="2" started-at="2017-06-19T12:47:29Z" finished-at="2017-06-19T12:47:29Z">
          <params>
            <param index="0">
              <value>
                <![CDATA[org.testng.TestRunner@c540f5a]]>
              </value>
            </param>
          </params>
          <reporter-output>
          </reporter-output>
        </test-method> <!-- setupTest -->
        <test-method status="PASS" signature="beforeTest()[pri:0, instance:com.timesofindia.tests.ToiTest@7a9273a8]" name="beforeTest" is-config="true" duration-ms="8566" started-at="2017-06-19T12:47:29Z" depends-on-methods="com.qmetry.qaf.automation.ui.AbstractTestCase.setupTest" finished-at="2017-06-19T12:47:38Z">
          <reporter-output>
            <line>
              <![CDATA[<div style="display:block;margin-left:10px;"></div>]]>
            </line>
          </reporter-output>
        </test-method> <!-- beforeTest -->
        <test-method status="PASS" signature="setup(org.testng.ITestContext)[pri:0, instance:com.timesofindia.tests.ToiTest@7a9273a8]" name="setup" is-config="true" duration-ms="1" started-at="2017-06-19T12:47:38Z" finished-at="2017-06-19T12:47:38Z">
          <params>
            <param index="0">
              <value>
                <![CDATA[org.testng.TestRunner@c540f5a]]>
              </value>
            </param>
          </params>
          <reporter-output>
          </reporter-output>
        </test-method> <!-- setup -->
        <test-method status="PASS" signature="setupMethod(java.lang.reflect.Method, org.testng.ITestContext)[pri:0, instance:com.timesofindia.tests.ToiTest@7a9273a8]" name="setupMethod" is-config="true" duration-ms="1" started-at="2017-06-19T12:47:38Z" finished-at="2017-06-19T12:47:38Z">
          <params>
            <param index="0">
              <value>
                <![CDATA[public void com.timesofindia.tests.ToiTest.toiPageVerificationEntertainment()]]>
              </value>
            </param>
            <param index="1">
              <value>
                <![CDATA[org.testng.TestRunner@c540f5a]]>
              </value>
            </param>
          </params>
          <reporter-output>
          </reporter-output>
        </test-method> <!-- setupMethod -->
        <test-method status="PASS" signature="toiPageVerificationEntertainment()[pri:0, instance:com.timesofindia.tests.ToiTest@7a9273a8]" name="toiPageVerificationEntertainment" duration-ms="10830" started-at="2017-06-19T12:47:38Z" description="Times Of India Entertainment" finished-at="2017-06-19T12:47:49Z">
          <reporter-output>
            <line>
              <![CDATA[<div style="display:block;margin-left:10px;"><div  class="teststeppass"><span class="teststeppass-label">T </span>Decline notifications</div><div style="display:block;margin-left:10px;"><div  class="pass"><span class="pass-label">P </span>Expected Notification Pop-Up present : Actual Notification Pop-Up present <a href="../img/toiPageVerificationEntertainment_1u87u6te4y85o27648.png" target="_blank">[View Screenshot]</a> </div><div  class="pass"><span class="pass-label">P </span>Expected Not now button on Pop-Up present : Actual Not now button on Pop-Up present <a href="../img/toiPageVerificationEntertainment_cyoj03ryobip27649.png" target="_blank">[View Screenshot]</a> </div><div  class="info"><span class="info-label">I </span>Declining popup - Not to receive notofications</div></div><div  class="teststeppass"><span class="teststeppass-label">T </span>Entertainment section verification</div><div style="display:block;margin-left:10px;"><div  class="pass"><span class="pass-label">P </span>Expected Top news text present : Actual Top news text present <a href="../img/toiPageVerificationEntertainment_y1zadkbp6oge27650.png" target="_blank">[View Screenshot]</a> </div><div  class="pass"><span class="pass-label">P </span>Expected Entertainment news section present : Actual Entertainment news section present <a href="../img/toiPageVerificationEntertainment_d8zx0td17b627651.png" target="_blank">[View Screenshot]</a> </div></div><div  class="teststeppass"><span class="teststeppass-label">T </span>Extract entertainment section's news</div><div style="display:block;margin-left:10px;"><div  class="info"><span class="info-label">I </span>Entertainment news size count is 11</div><div  class="info"><span class="info-label">I </span>Then and now: Arjun Kapoor is unrecognisable</div><div  class="info"><span class="info-label">I </span>Aryan shares beautiful pic with mom Gauri Khan</div><div  class="info"><span class="info-label">I </span>Kabir Khan supports Salman’s anti-war comment</div><div  class="info"><span class="info-label">I </span>Pic: Suhana steals the limelight from SRK</div><div  class="info"><span class="info-label">I </span>Celebs come out in support of Team India</div><div  class="info"><span class="info-label">I </span>SRK to have a cameo in 'Jagga Jasoos'?</div><div  class="info"><span class="info-label">I </span>10 lesser known facts about Lisa Haydon</div><div  class="info"><span class="info-label">I </span>Bruised Sanjay Mishra in 'Baadshaho' poster</div><div  class="info"><span class="info-label">I </span>Akshay shares an adorable pic with his son Aarav</div><div  class="info"><span class="info-label">I </span>Sunny Leone and Daniel's PDA on the sets</div><div  class="info"><span class="info-label">I </span>Model criticized for not being too black</div></div><div  class="teststeppass"><span class="teststeppass-label">T </span>Verify total number of image displayed</div><div style="display:block;margin-left:10px;"><div  class="pass"><span class="pass-label">P </span>Total number of image displayed : 
Expected: &lt;3&gt;
     Actual: was &lt;3&gt; <a href="../img/toiPageVerificationEntertainment_1a4da5kgtgf8e27652.png" target="_blank">[View Screenshot]</a> </div><div  class="info"><span class="info-label">I </span>Verifying after clicking on Next button</div><div  class="pass"><span class="pass-label">P </span>Total number of image displayed : 
Expected: &lt;3&gt;
     Actual: was &lt;3&gt; <a href="../img/toiPageVerificationEntertainment_czbve7tig89n27653.png" target="_blank">[View Screenshot]</a> </div><div  class="info"><span class="info-label">I </span>Verifying after clicking on Back button</div><div  class="pass"><span class="pass-label">P </span>Total number of image displayed : 
Expected: &lt;3&gt;
     Actual: was &lt;3&gt; <a href="../img/toiPageVerificationEntertainment_11t6m234jlgua27654.png" target="_blank">[View Screenshot]</a> </div></div></div>]]>
            </line>
          </reporter-output>
        </test-method> <!-- toiPageVerificationEntertainment -->
        <test-method status="PASS" signature="afterMethod(org.testng.ITestContext, org.testng.ITestResult)[pri:0, instance:com.timesofindia.tests.ToiTest@7a9273a8]" name="afterMethod" is-config="true" duration-ms="0" started-at="2017-06-19T12:47:49Z" finished-at="2017-06-19T12:47:49Z">
          <params>
            <param index="0">
              <value>
                <![CDATA[org.testng.TestRunner@c540f5a]]>
              </value>
            </param>
            <param index="1">
              <value>
                <![CDATA[[TestResult name=toiPageVerificationEntertainment status=SUCCESS method=ToiTest.toiPageVerificationEntertainment()[pri:0, instance:com.timesofindia.tests.ToiTest@7a9273a8] output=<div style="display:block;margin-left:10px;"><div  class="teststeppass"><span class="teststeppass-label">T </span>Decline notifications</div><div style="display:block;margin-left:10px;"><div  class="pass"><span class="pass-label">P </span>Expected Notification Pop-Up present : Actual Notification Pop-Up present <a href="../img/toiPageVerificationEntertainment_1u87u6te4y85o27648.png" target="_blank">[View Screenshot]</a> </div><div  class="pass"><span class="pass-label">P </span>Expected Not now button on Pop-Up present : Actual Not now button on Pop-Up present <a href="../img/toiPageVerificationEntertainment_cyoj03ryobip27649.png" target="_blank">[View Screenshot]</a> </div><div  class="info"><span class="info-label">I </span>Declining popup - Not to receive notofications</div></div><div  class="teststeppass"><span class="teststeppass-label">T </span>Entertainment section verification</div><div style="display:block;margin-left:10px;"><div  class="pass"><span class="pass-label">P </span>Expected Top news text present : Actual Top news text present <a href="../img/toiPageVerificationEntertainment_y1zadkbp6oge27650.png" target="_blank">[View Screenshot]</a> </div><div  class="pass"><span class="pass-label">P </span>Expected Entertainment news section present : Actual Entertainment news section present <a href="../img/toiPageVerificationEntertainment_d8zx0td17b627651.png" target="_blank">[View Screenshot]</a> </div></div><div  class="teststeppass"><span class="teststeppass-label">T </span>Extract entertainment section's news</div><div style="display:block;margin-left:10px;"><div  class="info"><span class="info-label">I </span>Entertainment news size count is 11</div><div  class="info"><span class="info-label">I </span>Then and now: Arjun Kapoor is unrecognisable</div><div  class="info"><span class="info-label">I </span>Aryan shares beautiful pic with mom Gauri Khan</div><div  class="info"><span class="info-label">I </span>Kabir Khan supports Salman’s anti-war comment</div><div  class="info"><span class="info-label">I </span>Pic: Suhana steals the limelight from SRK</div><div  class="info"><span class="info-label">I </span>Celebs come out in support of Team India</div><div  class="info"><span class="info-label">I </span>SRK to have a cameo in 'Jagga Jasoos'?</div><div  class="info"><span class="info-label">I </span>10 lesser known facts about Lisa Haydon</div><div  class="info"><span class="info-label">I </span>Bruised Sanjay Mishra in 'Baadshaho' poster</div><div  class="info"><span class="info-label">I </span>Akshay shares an adorable pic with his son Aarav</div><div  class="info"><span class="info-label">I </span>Sunny Leone and Daniel's PDA on the sets</div><div  class="info"><span class="info-label">I </span>Model criticized for not being too black</div></div><div  class="teststeppass"><span class="teststeppass-label">T </span>Verify total number of image displayed</div><div style="display:block;margin-left:10px;"><div  class="pass"><span class="pass-label">P </span>Total number of image displayed : 
Expected: &lt;3&gt;
     Actual: was &lt;3&gt; <a href="../img/toiPageVerificationEntertainment_1a4da5kgtgf8e27652.png" target="_blank">[View Screenshot]</a> </div><div  class="info"><span class="info-label">I </span>Verifying after clicking on Next button</div><div  class="pass"><span class="pass-label">P </span>Total number of image displayed : 
Expected: &lt;3&gt;
     Actual: was &lt;3&gt; <a href="../img/toiPageVerificationEntertainment_czbve7tig89n27653.png" target="_blank">[View Screenshot]</a> </div><div  class="info"><span class="info-label">I </span>Verifying after clicking on Back button</div><div  class="pass"><span class="pass-label">P </span>Total number of image displayed : 
Expected: &lt;3&gt;
     Actual: was &lt;3&gt; <a href="../img/toiPageVerificationEntertainment_11t6m234jlgua27654.png" target="_blank">[View Screenshot]</a> </div></div></div>]]]>
              </value>
            </param>
          </params>
          <reporter-output>
          </reporter-output>
        </test-method> <!-- afterMethod -->
        <test-method status="PASS" signature="afterClass(org.testng.ITestContext)[pri:0, instance:com.timesofindia.tests.ToiTest@7a9273a8]" name="afterClass" is-config="true" duration-ms="0" started-at="2017-06-19T12:47:49Z" finished-at="2017-06-19T12:47:49Z">
          <params>
            <param index="0">
              <value>
                <![CDATA[org.testng.TestRunner@c540f5a]]>
              </value>
            </param>
          </params>
          <reporter-output>
          </reporter-output>
        </test-method> <!-- afterClass -->
        <test-method status="PASS" signature="afterTest(org.testng.ITestContext)[pri:0, instance:com.timesofindia.tests.ToiTest@7a9273a8]" name="afterTest" is-config="true" duration-ms="1039" started-at="2017-06-19T12:47:49Z" finished-at="2017-06-19T12:47:50Z">
          <params>
            <param index="0">
              <value>
                <![CDATA[org.testng.TestRunner@c540f5a]]>
              </value>
            </param>
          </params>
          <reporter-output>
          </reporter-output>
        </test-method> <!-- afterTest -->
        <test-method status="PASS" signature="afterSuit(org.testng.ITestContext)[pri:0, instance:com.timesofindia.tests.ToiTest@7a9273a8]" name="afterSuit" is-config="true" duration-ms="2" started-at="2017-06-19T12:47:50Z" finished-at="2017-06-19T12:47:50Z">
          <params>
            <param index="0">
              <value>
                <![CDATA[org.testng.TestRunner@c540f5a]]>
              </value>
            </param>
          </params>
          <reporter-output>
          </reporter-output>
        </test-method> <!-- afterSuit -->
      </class> <!-- com.timesofindia.tests.ToiTest -->
    </test> <!-- DemoTest -->
  </suite> <!-- QAS Demo -->
</testng-results>
