-------------------------------------------------------------------------------
Test set: TestSuite
-------------------------------------------------------------------------------
Tests run: 1, Failures: 1, Errors: 0, Skipped: 0, Time elapsed: 34.699 sec <<< FAILURE!
toiPageVerificationEntertainment(com.timesofindia.tests.ToiTest)  Time elapsed: 20.169 sec  <<< FAILURE!
null