<?xml version="1.0" encoding="UTF-8"?>
<testng-results skipped="0" failed="1" total="1" passed="0">
  <reporter-output>
    <line>
      <![CDATA[<div style="display:block;margin-left:10px;"></div>]]>
    </line>
    <line>
      <![CDATA[<div style="display:block;margin-left:10px;"><div  class="teststeppass"><span class="teststeppass-label">T </span>Decline notifications</div><div style="display:block;margin-left:10px;"><div  class="info"><span class="info-label">I </span>No notification present</div></div><div  class="teststeppass"><span class="teststeppass-label">T </span>Get List of top-stories and print</div><div style="display:block;margin-left:10px;"><div  class="info"><span class="info-label">I </span>UK: Labour Party will seek to form minority govt</div><div  class="info"><span class="info-label">I </span>Modi meets Xi Jinping on SCO sidelines</div><div  class="info"><span class="info-label">I </span>Indian-origin candidates shine in UK polls</div><div  class="info"><span class="info-label">I </span>ISIS claims it killed two Chinese in Pakistan</div><div  class="info"><span class="info-label">I </span>CAC seeks more time to decide on Kumble's future</div><div  class="info"><span class="info-label">I </span>Kapil Mishra stopped from entering Kejri's home</div><div  class="info"><span class="info-label">I </span>Nine iOS 11 features Apple didn’t talk about</div></div><div  class="teststepfail"><span class="teststepfail-label">T </span>verifyNewsTitle <a href="../img/toiPageVerification_zuoa7da1qktb28469.png" target="_blank">[View Screenshot]</a> </div><div style="display:block;margin-left:10px;"><div  class="info"><span class="info-label">I </span>News title is : News: India News, Latest Bollywood News, Sports News, Business & Political News, National & International News | Times of India</div><div  class="fail"><span class="fail-label">F </span>Expected Top Story list present : Actual Top Story list not present <a href="../img/toiPageVerification_zuoa7da1qktb28469.png" target="_blank">[View Screenshot]</a> </div></div></div>]]>
    </line>
  </reporter-output>
  <suite name="QAS Demo" duration-ms="48259" started-at="2017-06-09T08:17:32Z" finished-at="2017-06-09T08:18:20Z">
    <groups>
      <group name="TOI_Regression">
        <method signature="ToiTest.toiPageVerification()[pri:0, instance:com.timesofindia.tests.ToiTest@7a9273a8]" name="toiPageVerification" class="com.timesofindia.tests.ToiTest"/>
      </group> <!-- TOI_Regression -->
    </groups>
    <test name="DemoTest" duration-ms="48259" started-at="2017-06-09T08:17:32Z" finished-at="2017-06-09T08:18:20Z">
      <class name="com.timesofindia.tests.ToiTest">
        <test-method status="PASS" signature="setupSuit(org.testng.ITestContext)[pri:0, instance:com.timesofindia.tests.ToiTest@7a9273a8]" name="setupSuit" is-config="true" duration-ms="34" started-at="2017-06-09T13:47:32Z" finished-at="2017-06-09T13:47:32Z">
          <params>
            <param index="0">
              <value>
                <![CDATA[org.testng.TestRunner@c540f5a]]>
              </value>
            </param>
          </params>
          <reporter-output>
          </reporter-output>
        </test-method> <!-- setupSuit -->
        <test-method status="PASS" signature="setupTest(org.testng.ITestContext)[pri:0, instance:com.timesofindia.tests.ToiTest@7a9273a8]" name="setupTest" is-config="true" duration-ms="2" started-at="2017-06-09T13:47:32Z" finished-at="2017-06-09T13:47:32Z">
          <params>
            <param index="0">
              <value>
                <![CDATA[org.testng.TestRunner@c540f5a]]>
              </value>
            </param>
          </params>
          <reporter-output>
          </reporter-output>
        </test-method> <!-- setupTest -->
        <test-method status="PASS" signature="beforeTest()[pri:0, instance:com.timesofindia.tests.ToiTest@7a9273a8]" name="beforeTest" is-config="true" duration-ms="21771" started-at="2017-06-09T13:47:32Z" depends-on-methods="com.qmetry.qaf.automation.ui.AbstractTestCase.setupTest" finished-at="2017-06-09T13:47:53Z">
          <reporter-output>
            <line>
              <![CDATA[<div style="display:block;margin-left:10px;"></div>]]>
            </line>
          </reporter-output>
        </test-method> <!-- beforeTest -->
        <test-method status="PASS" signature="setup(org.testng.ITestContext)[pri:0, instance:com.timesofindia.tests.ToiTest@7a9273a8]" name="setup" is-config="true" duration-ms="1" started-at="2017-06-09T13:47:53Z" finished-at="2017-06-09T13:47:53Z">
          <params>
            <param index="0">
              <value>
                <![CDATA[org.testng.TestRunner@c540f5a]]>
              </value>
            </param>
          </params>
          <reporter-output>
          </reporter-output>
        </test-method> <!-- setup -->
        <test-method status="PASS" signature="setupMethod(java.lang.reflect.Method, org.testng.ITestContext)[pri:0, instance:com.timesofindia.tests.ToiTest@7a9273a8]" name="setupMethod" is-config="true" duration-ms="1" started-at="2017-06-09T13:47:53Z" finished-at="2017-06-09T13:47:53Z">
          <params>
            <param index="0">
              <value>
                <![CDATA[public void com.timesofindia.tests.ToiTest.toiPageVerification()]]>
              </value>
            </param>
            <param index="1">
              <value>
                <![CDATA[org.testng.TestRunner@c540f5a]]>
              </value>
            </param>
          </params>
          <reporter-output>
          </reporter-output>
        </test-method> <!-- setupMethod -->
        <test-method status="FAIL" signature="toiPageVerification()[pri:0, instance:com.timesofindia.tests.ToiTest@7a9273a8]" name="toiPageVerification" duration-ms="25258" started-at="2017-06-09T13:47:53Z" description="Times Of India Page verification" finished-at="2017-06-09T13:48:19Z">
          <reporter-output>
            <line>
              <![CDATA[<div style="display:block;margin-left:10px;"><div  class="teststeppass"><span class="teststeppass-label">T </span>Decline notifications</div><div style="display:block;margin-left:10px;"><div  class="info"><span class="info-label">I </span>No notification present</div></div><div  class="teststeppass"><span class="teststeppass-label">T </span>Get List of top-stories and print</div><div style="display:block;margin-left:10px;"><div  class="info"><span class="info-label">I </span>UK: Labour Party will seek to form minority govt</div><div  class="info"><span class="info-label">I </span>Modi meets Xi Jinping on SCO sidelines</div><div  class="info"><span class="info-label">I </span>Indian-origin candidates shine in UK polls</div><div  class="info"><span class="info-label">I </span>ISIS claims it killed two Chinese in Pakistan</div><div  class="info"><span class="info-label">I </span>CAC seeks more time to decide on Kumble's future</div><div  class="info"><span class="info-label">I </span>Kapil Mishra stopped from entering Kejri's home</div><div  class="info"><span class="info-label">I </span>Nine iOS 11 features Apple didn’t talk about</div></div><div  class="teststepfail"><span class="teststepfail-label">T </span>verifyNewsTitle <a href="../img/toiPageVerification_zuoa7da1qktb28469.png" target="_blank">[View Screenshot]</a> </div><div style="display:block;margin-left:10px;"><div  class="info"><span class="info-label">I </span>News title is : News: India News, Latest Bollywood News, Sports News, Business & Political News, National & International News | Times of India</div><div  class="fail"><span class="fail-label">F </span>Expected Top Story list present : Actual Top Story list not present <a href="../img/toiPageVerification_zuoa7da1qktb28469.png" target="_blank">[View Screenshot]</a> </div></div></div>]]>
            </line>
          </reporter-output>
        </test-method> <!-- toiPageVerification -->
        <test-method status="PASS" signature="afterMethod(org.testng.ITestContext, org.testng.ITestResult)[pri:0, instance:com.timesofindia.tests.ToiTest@7a9273a8]" name="afterMethod" is-config="true" duration-ms="1" started-at="2017-06-09T13:48:19Z" finished-at="2017-06-09T13:48:19Z">
          <params>
            <param index="0">
              <value>
                <![CDATA[org.testng.TestRunner@c540f5a]]>
              </value>
            </param>
            <param index="1">
              <value>
                <![CDATA[[TestResult name=toiPageVerification status=FAILURE method=ToiTest.toiPageVerification()[pri:0, instance:com.timesofindia.tests.ToiTest@7a9273a8] output=<div style="display:block;margin-left:10px;"><div  class="teststeppass"><span class="teststeppass-label">T </span>Decline notifications</div><div style="display:block;margin-left:10px;"><div  class="info"><span class="info-label">I </span>No notification present</div></div><div  class="teststeppass"><span class="teststeppass-label">T </span>Get List of top-stories and print</div><div style="display:block;margin-left:10px;"><div  class="info"><span class="info-label">I </span>UK: Labour Party will seek to form minority govt</div><div  class="info"><span class="info-label">I </span>Modi meets Xi Jinping on SCO sidelines</div><div  class="info"><span class="info-label">I </span>Indian-origin candidates shine in UK polls</div><div  class="info"><span class="info-label">I </span>ISIS claims it killed two Chinese in Pakistan</div><div  class="info"><span class="info-label">I </span>CAC seeks more time to decide on Kumble's future</div><div  class="info"><span class="info-label">I </span>Kapil Mishra stopped from entering Kejri's home</div><div  class="info"><span class="info-label">I </span>Nine iOS 11 features Apple didn’t talk about</div></div><div  class="teststepfail"><span class="teststepfail-label">T </span>verifyNewsTitle <a href="../img/toiPageVerification_zuoa7da1qktb28469.png" target="_blank">[View Screenshot]</a> </div><div style="display:block;margin-left:10px;"><div  class="info"><span class="info-label">I </span>News title is : News: India News, Latest Bollywood News, Sports News, Business & Political News, National & International News | Times of India</div><div  class="fail"><span class="fail-label">F </span>Expected Top Story list present : Actual Top Story list not present <a href="../img/toiPageVerification_zuoa7da1qktb28469.png" target="_blank">[View Screenshot]</a> </div></div></div>]]]>
              </value>
            </param>
          </params>
          <reporter-output>
          </reporter-output>
        </test-method> <!-- afterMethod -->
        <test-method status="PASS" signature="afterClass(org.testng.ITestContext)[pri:0, instance:com.timesofindia.tests.ToiTest@7a9273a8]" name="afterClass" is-config="true" duration-ms="1" started-at="2017-06-09T13:48:19Z" finished-at="2017-06-09T13:48:19Z">
          <params>
            <param index="0">
              <value>
                <![CDATA[org.testng.TestRunner@c540f5a]]>
              </value>
            </param>
          </params>
          <reporter-output>
          </reporter-output>
        </test-method> <!-- afterClass -->
        <test-method status="PASS" signature="afterTest(org.testng.ITestContext)[pri:0, instance:com.timesofindia.tests.ToiTest@7a9273a8]" name="afterTest" is-config="true" duration-ms="1090" started-at="2017-06-09T13:48:19Z" finished-at="2017-06-09T13:48:20Z">
          <params>
            <param index="0">
              <value>
                <![CDATA[org.testng.TestRunner@c540f5a]]>
              </value>
            </param>
          </params>
          <reporter-output>
          </reporter-output>
        </test-method> <!-- afterTest -->
        <test-method status="PASS" signature="afterSuit(org.testng.ITestContext)[pri:0, instance:com.timesofindia.tests.ToiTest@7a9273a8]" name="afterSuit" is-config="true" duration-ms="2" started-at="2017-06-09T13:48:20Z" finished-at="2017-06-09T13:48:20Z">
          <params>
            <param index="0">
              <value>
                <![CDATA[org.testng.TestRunner@c540f5a]]>
              </value>
            </param>
          </params>
          <reporter-output>
          </reporter-output>
        </test-method> <!-- afterSuit -->
      </class> <!-- com.timesofindia.tests.ToiTest -->
    </test> <!-- DemoTest -->
  </suite> <!-- QAS Demo -->
</testng-results>
