<?xml version="1.0" encoding="UTF-8"?>
<!-- Generated by org.testng.reporters.JUnitXMLReporter -->
<testsuite hostname="icpl12186" name="DemoTest" tests="1" failures="1" timestamp="16 Jun 2017 05:31:37 GMT" time="66.936" errors="0">
  <testcase name="toiPageVerificationEntertainment" time="31.634" classname="com.timesofindia.tests.ToiTest">
    <failure type="org.openqa.selenium.NoSuchWindowException" message="Unable to find elements on closed window (WARNING: The server did not provide any stacktrace information)
Command duration or timeout: 31 milliseconds
Build info: version: &amp;apos;2.53.0&amp;apos;, revision: &amp;apos;35ae25b1534ae328c771e0856c93e187490ca824&amp;apos;, time: &amp;apos;2016-03-15 10:43:46&amp;apos;
System info: host: &amp;apos;icpl12186&amp;apos;, ip: &amp;apos;192.168.56.1&amp;apos;, os.name: &amp;apos;Windows 8.1&amp;apos;, os.arch: &amp;apos;amd64&amp;apos;, os.version: &amp;apos;6.3&amp;apos;, java.version: &amp;apos;1.8.0_111&amp;apos;
Driver info: com.qmetry.qaf.automation.ui.webdriver.QAFExtendedWebDriver
Capabilities [{browserAttachTimeout=0, enablePersistentHover=true, ie.forceCreateProcessApi=false, pageLoadStrategy=normal, ie.usePerProcessProxy=false, ignoreZoomSetting=false, handlesAlerts=true, version=11, platform=WINDOWS, nativeEvents=true, ie.ensureCleanSession=false, elementScrollBehavior=0, ie.browserCommandLineSwitches=, requireWindowFocus=false, browserName=internet explorer, initialBrowserUrl=http://localhost:33764/, takesScreenshot=true, javascriptEnabled=true, ignoreProtectedModeSettings=false, enableElementCacheCleanup=true, cssSelectorsEnabled=true, unexpectedAlertBehaviour=dismiss}]
Session ID: d9711cf3-bbdf-4052-97a5-bbfaa5639286
*** Element info: {Using=xpath, value=//div[@class=&amp;apos;entrmnt-wdgt-outer&amp;apos;]//div[@class=&amp;apos;stories&amp;apos;]/ul/li}">
      <![CDATA[org.openqa.selenium.NoSuchWindowException: Unable to find elements on closed window (WARNING: The server did not provide any stacktrace information)
Command duration or timeout: 31 milliseconds
Build info: version: '2.53.0', revision: '35ae25b1534ae328c771e0856c93e187490ca824', time: '2016-03-15 10:43:46'
System info: host: 'icpl12186', ip: '192.168.56.1', os.name: 'Windows 8.1', os.arch: 'amd64', os.version: '6.3', java.version: '1.8.0_111'
Driver info: com.qmetry.qaf.automation.ui.webdriver.QAFExtendedWebDriver
Capabilities [{browserAttachTimeout=0, enablePersistentHover=true, ie.forceCreateProcessApi=false, pageLoadStrategy=normal, ie.usePerProcessProxy=false, ignoreZoomSetting=false, handlesAlerts=true, version=11, platform=WINDOWS, nativeEvents=true, ie.ensureCleanSession=false, elementScrollBehavior=0, ie.browserCommandLineSwitches=, requireWindowFocus=false, browserName=internet explorer, initialBrowserUrl=http://localhost:33764/, takesScreenshot=true, javascriptEnabled=true, ignoreProtectedModeSettings=false, enableElementCacheCleanup=true, cssSelectorsEnabled=true, unexpectedAlertBehaviour=dismiss}]
Session ID: d9711cf3-bbdf-4052-97a5-bbfaa5639286
*** Element info: {Using=xpath, value=//div[@class='entrmnt-wdgt-outer']//div[@class='stories']/ul/li}
	at org.openqa.selenium.remote.ErrorHandler.createThrowable(ErrorHandler.java:206)
	at org.openqa.selenium.remote.ErrorHandler.throwIfResponseFailed(ErrorHandler.java:158)
	at org.openqa.selenium.remote.RemoteWebDriver.execute(RemoteWebDriver.java:678)
	at com.qmetry.qaf.automation.ui.webdriver.QAFExtendedWebDriver.execute(QAFExtendedWebDriver.java:234)
	at org.openqa.selenium.remote.RemoteWebDriver.findElements(RemoteWebDriver.java:388)
	at org.openqa.selenium.remote.RemoteWebDriver.findElementsByXPath(RemoteWebDriver.java:504)
	at org.openqa.selenium.By$ByXPath.findElements(By.java:356)
	at org.openqa.selenium.remote.RemoteWebDriver.findElements(RemoteWebDriver.java:351)
	at com.qmetry.qaf.automation.ui.webdriver.ComponentListHandler.invoke(ComponentListHandler.java:97)
	at com.sun.proxy.$Proxy13.size(Unknown Source)
	at com.timesofindia.pages.HomePage.getListOfEntertainmentNews(HomePage.java:120)
	at com.timesofindia.defs.HomePageDefs.getEntertainmentNewsList_aroundBody6(HomePageDefs.java:35)
	at com.timesofindia.defs.HomePageDefs$AjcClosure7.run(HomePageDefs.java:1)
	at com.qmetry.qaf.automation.step.JavaStepReporter$MockJavaStep.doExecute(JavaStepReporter.java:138)
	at com.qmetry.qaf.automation.step.BaseTestStep.execute(BaseTestStep.java:149)
	at com.qmetry.qaf.automation.step.JavaStepReporter.javaTestStep(JavaStepReporter.java:88)
	at com.timesofindia.defs.HomePageDefs.getEntertainmentNewsList(HomePageDefs.java:33)
	at com.timesofindia.tests.ToiTest.toiPageVerificationEntertainment(ToiTest.java:39)
... Removed 37 stack frames]]>
    </failure>
  </testcase> <!-- toiPageVerificationEntertainment -->
</testsuite> <!-- DemoTest -->
