<?xml version="1.0" encoding="UTF-8"?>
<testng-results skipped="0" failed="0" total="1" passed="1">
  <reporter-output>
    <line>
      <![CDATA[<div style="display:block;margin-left:10px;"></div>]]>
    </line>
    <line>
      <![CDATA[<div style="display:block;margin-left:10px;"><div  class="teststeppass"><span class="teststeppass-label">T </span>Decline notifications</div><div style="display:block;margin-left:10px;"><div  class="pass"><span class="pass-label">P </span>Expected Notification Pop-Up present : Actual Notification Pop-Up present <a href="../img/toiPageVerification_db2z61ufd3s512064.png" target="_blank">[View Screenshot]</a> </div><div  class="pass"><span class="pass-label">P </span>Expected Not now button on Pop-Up present : Actual Not now button on Pop-Up present <a href="../img/toiPageVerification_1jwust4x9kkut12065.png" target="_blank">[View Screenshot]</a> </div><div  class="info"><span class="info-label">I </span>Declining popup - Not to receive notofications</div></div><div  class="teststeppass"><span class="teststeppass-label">T </span>Get List of top-stories and print</div><div style="display:block;margin-left:10px;"><div  class="info"><span class="info-label">I </span>Kerala's 'Gaza Street' on the radar of IB, NIA</div><div  class="info"><span class="info-label">I </span>Rs 10cr secured bail for Prajapati: HC probe</div><div  class="info"><span class="info-label">I </span>Prompt PM Modi wishes Rahul Gandhi on b'day</div><div  class="info"><span class="info-label">I </span>Gambhir to Hurriyat's Farooq: Go celebrate in Pak </div><div  class="info"><span class="info-label">I </span>How Pak army politicised Champions Trophy win</div><div  class="info"><span class="info-label">I </span>London mosque attack: One dead, several injured </div><div  class="info"><span class="info-label">I </span>7 'confirmed' features of Apple iPhone 8</div></div><div  class="teststeppass"><span class="teststeppass-label">T </span>Verify each news title</div><div style="display:block;margin-left:10px;"><div  class="info"><span class="info-label">I </span>News title is : gaza street: Kerala's 'Gaza Street' on the radar of IB, NIA | Thiruvananthapuram News - Times of India</div><div  class="pass"><span class="pass-label">P </span>Expected Top news text present : Actual Top news text present <a href="../img/toiPageVerification_jnpla3oizy1m12066.png" target="_blank">[View Screenshot]</a> </div><div  class="info"><span class="info-label">I </span>News title is : Gayatri Prajapati: Rs 10 crore was payoff to ensure ex-UP minister Gayatri Prajapati's bail, finds probe | India News - Times of India</div><div  class="pass"><span class="pass-label">P </span>Expected Top news text present : Actual Top news text present <a href="../img/toiPageVerification_fxtd4p76b20712067.png" target="_blank">[View Screenshot]</a> </div><div  class="info"><span class="info-label">I </span>News title is : Prompt PM Modi wishes Congress leader Rahul Gandhi on his birthday | India News - Times of India</div><div  class="pass"><span class="pass-label">P </span>Expected Top news text present : Actual Top news text present <a href="../img/toiPageVerification_oaa11g5jmmi312068.png" target="_blank">[View Screenshot]</a> </div><div  class="info"><span class="info-label">I </span>News title is : Champion's Trophy: Why don't you go celebrate in Pakistan: Gautam Gambhir to Hurriyat's Mirwaiz Umar Farooq | India News - Times of India</div><div  class="pass"><span class="pass-label">P </span>Expected Top news text present : Actual Top news text present <a href="../img/toiPageVerification_16mvdj0qvnq5e12069.png" target="_blank">[View Screenshot]</a> </div><div  class="info"><span class="info-label">I </span>News title is : How Pakistan's army is politicising Champions Trophy win | India News - Times of India</div><div  class="pass"><span class="pass-label">P </span>Expected Top news text present : Actual Top news text present <a href="../img/toiPageVerification_1jhh9m07nixgc12070.png" target="_blank">[View Screenshot]</a> </div><div  class="info"><span class="info-label">I </span>News title is : London mosque attack: One dead as van rams into pedestrians near London mosque - Times of India</div><div  class="pass"><span class="pass-label">P </span>Expected Top news text present : Actual Top news text present <a href="../img/toiPageVerification_1mfvniudw75td12071.png" target="_blank">[View Screenshot]</a> </div><div  class="info"><span class="info-label">I </span>News title is : 7 'confirmed' features of Apple iPhone 8 | Gadgets Now</div><div  class="pass"><span class="pass-label">P </span>Expected Top news text present : Actual Top news text present <a href="../img/toiPageVerification_1vxxdrgzpnm0012072.png" target="_blank">[View Screenshot]</a> </div></div></div>]]>
    </line>
  </reporter-output>
  <suite name="QAS Demo" duration-ms="177489" started-at="2017-06-19T06:47:10Z" finished-at="2017-06-19T06:50:08Z">
    <groups>
      <group name="TOI_Regression">
        <method signature="ToiTest.toiPageVerification()[pri:0, instance:com.timesofindia.tests.ToiTest@7a9273a8]" name="toiPageVerification" class="com.timesofindia.tests.ToiTest"/>
      </group> <!-- TOI_Regression -->
    </groups>
    <test name="DemoTest" duration-ms="177489" started-at="2017-06-19T06:47:10Z" finished-at="2017-06-19T06:50:08Z">
      <class name="com.timesofindia.tests.ToiTest">
        <test-method status="PASS" signature="setupSuit(org.testng.ITestContext)[pri:0, instance:com.timesofindia.tests.ToiTest@7a9273a8]" name="setupSuit" is-config="true" duration-ms="29" started-at="2017-06-19T12:17:10Z" finished-at="2017-06-19T12:17:10Z">
          <params>
            <param index="0">
              <value>
                <![CDATA[org.testng.TestRunner@c540f5a]]>
              </value>
            </param>
          </params>
          <reporter-output>
          </reporter-output>
        </test-method> <!-- setupSuit -->
        <test-method status="PASS" signature="setupTest(org.testng.ITestContext)[pri:0, instance:com.timesofindia.tests.ToiTest@7a9273a8]" name="setupTest" is-config="true" duration-ms="2" started-at="2017-06-19T12:17:10Z" finished-at="2017-06-19T12:17:10Z">
          <params>
            <param index="0">
              <value>
                <![CDATA[org.testng.TestRunner@c540f5a]]>
              </value>
            </param>
          </params>
          <reporter-output>
          </reporter-output>
        </test-method> <!-- setupTest -->
        <test-method status="PASS" signature="beforeTest()[pri:0, instance:com.timesofindia.tests.ToiTest@7a9273a8]" name="beforeTest" is-config="true" duration-ms="9736" started-at="2017-06-19T12:17:10Z" depends-on-methods="com.qmetry.qaf.automation.ui.AbstractTestCase.setupTest" finished-at="2017-06-19T12:17:20Z">
          <reporter-output>
            <line>
              <![CDATA[<div style="display:block;margin-left:10px;"></div>]]>
            </line>
          </reporter-output>
        </test-method> <!-- beforeTest -->
        <test-method status="PASS" signature="setup(org.testng.ITestContext)[pri:0, instance:com.timesofindia.tests.ToiTest@7a9273a8]" name="setup" is-config="true" duration-ms="1" started-at="2017-06-19T12:17:20Z" finished-at="2017-06-19T12:17:20Z">
          <params>
            <param index="0">
              <value>
                <![CDATA[org.testng.TestRunner@c540f5a]]>
              </value>
            </param>
          </params>
          <reporter-output>
          </reporter-output>
        </test-method> <!-- setup -->
        <test-method status="PASS" signature="setupMethod(java.lang.reflect.Method, org.testng.ITestContext)[pri:0, instance:com.timesofindia.tests.ToiTest@7a9273a8]" name="setupMethod" is-config="true" duration-ms="1" started-at="2017-06-19T12:17:20Z" finished-at="2017-06-19T12:17:20Z">
          <params>
            <param index="0">
              <value>
                <![CDATA[public void com.timesofindia.tests.ToiTest.toiPageVerification()]]>
              </value>
            </param>
            <param index="1">
              <value>
                <![CDATA[org.testng.TestRunner@c540f5a]]>
              </value>
            </param>
          </params>
          <reporter-output>
          </reporter-output>
        </test-method> <!-- setupMethod -->
        <test-method status="PASS" signature="toiPageVerification()[pri:0, instance:com.timesofindia.tests.ToiTest@7a9273a8]" name="toiPageVerification" duration-ms="166533" started-at="2017-06-19T12:17:20Z" description="Times Of India Page verification" finished-at="2017-06-19T12:20:07Z">
          <reporter-output>
            <line>
              <![CDATA[<div style="display:block;margin-left:10px;"><div  class="teststeppass"><span class="teststeppass-label">T </span>Decline notifications</div><div style="display:block;margin-left:10px;"><div  class="pass"><span class="pass-label">P </span>Expected Notification Pop-Up present : Actual Notification Pop-Up present <a href="../img/toiPageVerification_db2z61ufd3s512064.png" target="_blank">[View Screenshot]</a> </div><div  class="pass"><span class="pass-label">P </span>Expected Not now button on Pop-Up present : Actual Not now button on Pop-Up present <a href="../img/toiPageVerification_1jwust4x9kkut12065.png" target="_blank">[View Screenshot]</a> </div><div  class="info"><span class="info-label">I </span>Declining popup - Not to receive notofications</div></div><div  class="teststeppass"><span class="teststeppass-label">T </span>Get List of top-stories and print</div><div style="display:block;margin-left:10px;"><div  class="info"><span class="info-label">I </span>Kerala's 'Gaza Street' on the radar of IB, NIA</div><div  class="info"><span class="info-label">I </span>Rs 10cr secured bail for Prajapati: HC probe</div><div  class="info"><span class="info-label">I </span>Prompt PM Modi wishes Rahul Gandhi on b'day</div><div  class="info"><span class="info-label">I </span>Gambhir to Hurriyat's Farooq: Go celebrate in Pak </div><div  class="info"><span class="info-label">I </span>How Pak army politicised Champions Trophy win</div><div  class="info"><span class="info-label">I </span>London mosque attack: One dead, several injured </div><div  class="info"><span class="info-label">I </span>7 'confirmed' features of Apple iPhone 8</div></div><div  class="teststeppass"><span class="teststeppass-label">T </span>Verify each news title</div><div style="display:block;margin-left:10px;"><div  class="info"><span class="info-label">I </span>News title is : gaza street: Kerala's 'Gaza Street' on the radar of IB, NIA | Thiruvananthapuram News - Times of India</div><div  class="pass"><span class="pass-label">P </span>Expected Top news text present : Actual Top news text present <a href="../img/toiPageVerification_jnpla3oizy1m12066.png" target="_blank">[View Screenshot]</a> </div><div  class="info"><span class="info-label">I </span>News title is : Gayatri Prajapati: Rs 10 crore was payoff to ensure ex-UP minister Gayatri Prajapati's bail, finds probe | India News - Times of India</div><div  class="pass"><span class="pass-label">P </span>Expected Top news text present : Actual Top news text present <a href="../img/toiPageVerification_fxtd4p76b20712067.png" target="_blank">[View Screenshot]</a> </div><div  class="info"><span class="info-label">I </span>News title is : Prompt PM Modi wishes Congress leader Rahul Gandhi on his birthday | India News - Times of India</div><div  class="pass"><span class="pass-label">P </span>Expected Top news text present : Actual Top news text present <a href="../img/toiPageVerification_oaa11g5jmmi312068.png" target="_blank">[View Screenshot]</a> </div><div  class="info"><span class="info-label">I </span>News title is : Champion's Trophy: Why don't you go celebrate in Pakistan: Gautam Gambhir to Hurriyat's Mirwaiz Umar Farooq | India News - Times of India</div><div  class="pass"><span class="pass-label">P </span>Expected Top news text present : Actual Top news text present <a href="../img/toiPageVerification_16mvdj0qvnq5e12069.png" target="_blank">[View Screenshot]</a> </div><div  class="info"><span class="info-label">I </span>News title is : How Pakistan's army is politicising Champions Trophy win | India News - Times of India</div><div  class="pass"><span class="pass-label">P </span>Expected Top news text present : Actual Top news text present <a href="../img/toiPageVerification_1jhh9m07nixgc12070.png" target="_blank">[View Screenshot]</a> </div><div  class="info"><span class="info-label">I </span>News title is : London mosque attack: One dead as van rams into pedestrians near London mosque - Times of India</div><div  class="pass"><span class="pass-label">P </span>Expected Top news text present : Actual Top news text present <a href="../img/toiPageVerification_1mfvniudw75td12071.png" target="_blank">[View Screenshot]</a> </div><div  class="info"><span class="info-label">I </span>News title is : 7 'confirmed' features of Apple iPhone 8 | Gadgets Now</div><div  class="pass"><span class="pass-label">P </span>Expected Top news text present : Actual Top news text present <a href="../img/toiPageVerification_1vxxdrgzpnm0012072.png" target="_blank">[View Screenshot]</a> </div></div></div>]]>
            </line>
          </reporter-output>
        </test-method> <!-- toiPageVerification -->
        <test-method status="PASS" signature="afterMethod(org.testng.ITestContext, org.testng.ITestResult)[pri:0, instance:com.timesofindia.tests.ToiTest@7a9273a8]" name="afterMethod" is-config="true" duration-ms="0" started-at="2017-06-19T12:20:07Z" finished-at="2017-06-19T12:20:07Z">
          <params>
            <param index="0">
              <value>
                <![CDATA[org.testng.TestRunner@c540f5a]]>
              </value>
            </param>
            <param index="1">
              <value>
                <![CDATA[[TestResult name=toiPageVerification status=SUCCESS method=ToiTest.toiPageVerification()[pri:0, instance:com.timesofindia.tests.ToiTest@7a9273a8] output=<div style="display:block;margin-left:10px;"><div  class="teststeppass"><span class="teststeppass-label">T </span>Decline notifications</div><div style="display:block;margin-left:10px;"><div  class="pass"><span class="pass-label">P </span>Expected Notification Pop-Up present : Actual Notification Pop-Up present <a href="../img/toiPageVerification_db2z61ufd3s512064.png" target="_blank">[View Screenshot]</a> </div><div  class="pass"><span class="pass-label">P </span>Expected Not now button on Pop-Up present : Actual Not now button on Pop-Up present <a href="../img/toiPageVerification_1jwust4x9kkut12065.png" target="_blank">[View Screenshot]</a> </div><div  class="info"><span class="info-label">I </span>Declining popup - Not to receive notofications</div></div><div  class="teststeppass"><span class="teststeppass-label">T </span>Get List of top-stories and print</div><div style="display:block;margin-left:10px;"><div  class="info"><span class="info-label">I </span>Kerala's 'Gaza Street' on the radar of IB, NIA</div><div  class="info"><span class="info-label">I </span>Rs 10cr secured bail for Prajapati: HC probe</div><div  class="info"><span class="info-label">I </span>Prompt PM Modi wishes Rahul Gandhi on b'day</div><div  class="info"><span class="info-label">I </span>Gambhir to Hurriyat's Farooq: Go celebrate in Pak </div><div  class="info"><span class="info-label">I </span>How Pak army politicised Champions Trophy win</div><div  class="info"><span class="info-label">I </span>London mosque attack: One dead, several injured </div><div  class="info"><span class="info-label">I </span>7 'confirmed' features of Apple iPhone 8</div></div><div  class="teststeppass"><span class="teststeppass-label">T </span>Verify each news title</div><div style="display:block;margin-left:10px;"><div  class="info"><span class="info-label">I </span>News title is : gaza street: Kerala's 'Gaza Street' on the radar of IB, NIA | Thiruvananthapuram News - Times of India</div><div  class="pass"><span class="pass-label">P </span>Expected Top news text present : Actual Top news text present <a href="../img/toiPageVerification_jnpla3oizy1m12066.png" target="_blank">[View Screenshot]</a> </div><div  class="info"><span class="info-label">I </span>News title is : Gayatri Prajapati: Rs 10 crore was payoff to ensure ex-UP minister Gayatri Prajapati's bail, finds probe | India News - Times of India</div><div  class="pass"><span class="pass-label">P </span>Expected Top news text present : Actual Top news text present <a href="../img/toiPageVerification_fxtd4p76b20712067.png" target="_blank">[View Screenshot]</a> </div><div  class="info"><span class="info-label">I </span>News title is : Prompt PM Modi wishes Congress leader Rahul Gandhi on his birthday | India News - Times of India</div><div  class="pass"><span class="pass-label">P </span>Expected Top news text present : Actual Top news text present <a href="../img/toiPageVerification_oaa11g5jmmi312068.png" target="_blank">[View Screenshot]</a> </div><div  class="info"><span class="info-label">I </span>News title is : Champion's Trophy: Why don't you go celebrate in Pakistan: Gautam Gambhir to Hurriyat's Mirwaiz Umar Farooq | India News - Times of India</div><div  class="pass"><span class="pass-label">P </span>Expected Top news text present : Actual Top news text present <a href="../img/toiPageVerification_16mvdj0qvnq5e12069.png" target="_blank">[View Screenshot]</a> </div><div  class="info"><span class="info-label">I </span>News title is : How Pakistan's army is politicising Champions Trophy win | India News - Times of India</div><div  class="pass"><span class="pass-label">P </span>Expected Top news text present : Actual Top news text present <a href="../img/toiPageVerification_1jhh9m07nixgc12070.png" target="_blank">[View Screenshot]</a> </div><div  class="info"><span class="info-label">I </span>News title is : London mosque attack: One dead as van rams into pedestrians near London mosque - Times of India</div><div  class="pass"><span class="pass-label">P </span>Expected Top news text present : Actual Top news text present <a href="../img/toiPageVerification_1mfvniudw75td12071.png" target="_blank">[View Screenshot]</a> </div><div  class="info"><span class="info-label">I </span>News title is : 7 'confirmed' features of Apple iPhone 8 | Gadgets Now</div><div  class="pass"><span class="pass-label">P </span>Expected Top news text present : Actual Top news text present <a href="../img/toiPageVerification_1vxxdrgzpnm0012072.png" target="_blank">[View Screenshot]</a> </div></div></div>]]]>
              </value>
            </param>
          </params>
          <reporter-output>
          </reporter-output>
        </test-method> <!-- afterMethod -->
        <test-method status="PASS" signature="afterClass(org.testng.ITestContext)[pri:0, instance:com.timesofindia.tests.ToiTest@7a9273a8]" name="afterClass" is-config="true" duration-ms="0" started-at="2017-06-19T12:20:07Z" finished-at="2017-06-19T12:20:07Z">
          <params>
            <param index="0">
              <value>
                <![CDATA[org.testng.TestRunner@c540f5a]]>
              </value>
            </param>
          </params>
          <reporter-output>
          </reporter-output>
        </test-method> <!-- afterClass -->
        <test-method status="PASS" signature="afterTest(org.testng.ITestContext)[pri:0, instance:com.timesofindia.tests.ToiTest@7a9273a8]" name="afterTest" is-config="true" duration-ms="1122" started-at="2017-06-19T12:20:07Z" finished-at="2017-06-19T12:20:08Z">
          <params>
            <param index="0">
              <value>
                <![CDATA[org.testng.TestRunner@c540f5a]]>
              </value>
            </param>
          </params>
          <reporter-output>
          </reporter-output>
        </test-method> <!-- afterTest -->
        <test-method status="PASS" signature="afterSuit(org.testng.ITestContext)[pri:0, instance:com.timesofindia.tests.ToiTest@7a9273a8]" name="afterSuit" is-config="true" duration-ms="1" started-at="2017-06-19T12:20:08Z" finished-at="2017-06-19T12:20:08Z">
          <params>
            <param index="0">
              <value>
                <![CDATA[org.testng.TestRunner@c540f5a]]>
              </value>
            </param>
          </params>
          <reporter-output>
          </reporter-output>
        </test-method> <!-- afterSuit -->
      </class> <!-- com.timesofindia.tests.ToiTest -->
    </test> <!-- DemoTest -->
  </suite> <!-- QAS Demo -->
</testng-results>
