<?xml version="1.0" encoding="UTF-8"?>
<testng-results skipped="1" failed="0" total="1" passed="0">
  <reporter-output>
    <line>
      <![CDATA[<div style="display:block;margin-left:10px;"><div  class="fail"><span class="fail-label">F </span>Timed out after 0 seconds: Unable to create driver instance in 1st attempt with retry timeout of 0 seconds. You can check/set value of 'driver.init.retry.timeout' appropriately to set retry timeout on driver initialization failure.
null</div></div>]]>
    </line>
    <line>
      <![CDATA[<div style="display:block;margin-left:10px;"></div>]]>
    </line>
    <line>
      <![CDATA[<div style="display:block;margin-left:10px;"></div>]]>
    </line>
  </reporter-output>
  <suite name="QAS Demo" duration-ms="253" started-at="2017-06-22T07:34:57Z" finished-at="2017-06-22T07:34:57Z">
    <groups>
      <group name="TOI_Regression">
        <method signature="ToiTest.toiPageVerification()[pri:0, instance:com.timesofindia.tests.ToiTest@44c8afef]" name="toiPageVerification" class="com.timesofindia.tests.ToiTest"/>
      </group> <!-- TOI_Regression -->
    </groups>
    <test name="DemoTest" duration-ms="253" started-at="2017-06-22T07:34:57Z" finished-at="2017-06-22T07:34:57Z">
      <class name="com.timesofindia.tests.ToiTest">
        <test-method status="PASS" signature="setupSuit(org.testng.ITestContext)[pri:0, instance:com.timesofindia.tests.ToiTest@44c8afef]" name="setupSuit" is-config="true" duration-ms="43" started-at="2017-06-22T13:04:57Z" finished-at="2017-06-22T13:04:57Z">
          <params>
            <param index="0">
              <value>
                <![CDATA[org.testng.TestRunner@667a738]]>
              </value>
            </param>
          </params>
          <reporter-output>
          </reporter-output>
        </test-method> <!-- setupSuit -->
        <test-method status="PASS" signature="setupTest(org.testng.ITestContext)[pri:0, instance:com.timesofindia.tests.ToiTest@44c8afef]" name="setupTest" is-config="true" duration-ms="2" started-at="2017-06-22T13:04:57Z" finished-at="2017-06-22T13:04:57Z">
          <params>
            <param index="0">
              <value>
                <![CDATA[org.testng.TestRunner@667a738]]>
              </value>
            </param>
          </params>
          <reporter-output>
          </reporter-output>
        </test-method> <!-- setupTest -->
        <test-method status="PASS" signature="setup(org.testng.ITestContext)[pri:0, instance:com.timesofindia.tests.ToiTest@44c8afef]" name="setup" is-config="true" duration-ms="1" started-at="2017-06-22T13:04:57Z" finished-at="2017-06-22T13:04:57Z">
          <params>
            <param index="0">
              <value>
                <![CDATA[org.testng.TestRunner@667a738]]>
              </value>
            </param>
          </params>
          <reporter-output>
          </reporter-output>
        </test-method> <!-- setup -->
        <test-method status="PASS" signature="setupMethod(java.lang.reflect.Method, org.testng.ITestContext)[pri:0, instance:com.timesofindia.tests.ToiTest@44c8afef]" name="setupMethod" is-config="true" duration-ms="1" started-at="2017-06-22T13:04:57Z" finished-at="2017-06-22T13:04:57Z">
          <params>
            <param index="0">
              <value>
                <![CDATA[public void com.timesofindia.tests.ToiTest.toiPageVerification()]]>
              </value>
            </param>
            <param index="1">
              <value>
                <![CDATA[org.testng.TestRunner@667a738]]>
              </value>
            </param>
          </params>
          <reporter-output>
          </reporter-output>
        </test-method> <!-- setupMethod -->
        <test-method status="SKIP" signature="beforeMethod()[pri:0, instance:com.timesofindia.tests.ToiTest@44c8afef]" name="beforeMethod" is-config="true" duration-ms="0" started-at="2017-06-22T13:04:57Z" finished-at="2017-06-22T13:04:57Z">
          <exception class="com.qmetry.qaf.automation.core.AutomationError">
            <message>
              <![CDATA[Timed out after 0 seconds: Unable to create driver instance in 1st attempt with retry timeout of 0 seconds. You can check/set value of 'driver.init.retry.timeout' appropriately to set retry timeout on driver initialization failure.
null]]>
            </message>
            <full-stacktrace>
              <![CDATA[com.qmetry.qaf.automation.core.AutomationError: Timed out after 0 seconds: Unable to create driver instance in 1st attempt with retry timeout of 0 seconds. You can check/set value of 'driver.init.retry.timeout' appropriately to set retry timeout on driver initialization failure.
null
	at com.qmetry.qaf.automation.ui.UiDriverFactory.getDriverObj(UiDriverFactory.java:259)
	at com.qmetry.qaf.automation.ui.UiDriverFactory.access$4(UiDriverFactory.java:243)
	at com.qmetry.qaf.automation.ui.UiDriverFactory$Browsers.getDriver(UiDriverFactory.java:410)
	at com.qmetry.qaf.automation.ui.UiDriverFactory$Browsers.access$4(UiDriverFactory.java:398)
	at com.qmetry.qaf.automation.ui.UiDriverFactory.getDriver(UiDriverFactory.java:234)
	at com.qmetry.qaf.automation.ui.UiDriverFactory.get(UiDriverFactory.java:94)
	at com.qmetry.qaf.automation.core.QAFTestBase$DriverInitExpectedCondition.apply(QAFTestBase.java:487)
	at com.qmetry.qaf.automation.core.QAFTestBase$DriverInitExpectedCondition.apply(QAFTestBase.java:1)
	at org.openqa.selenium.support.ui.FluentWait.until(FluentWait.java:238)
	at com.qmetry.qaf.automation.core.QAFTestBase.init(QAFTestBase.java:389)
	at com.qmetry.qaf.automation.core.QAFTestBase.getUiDriver(QAFTestBase.java:177)
	at com.qmetry.qaf.automation.ui.WebDriverTestBase.getDriver(WebDriverTestBase.java:47)
	at com.qmetry.qaf.automation.ui.WebDriverTestBase.getDriver(WebDriverTestBase.java:1)
	at com.qmetry.qaf.automation.ui.AbstractTestPage.<init>(AbstractTestPage.java:86)
	at com.qmetry.qaf.automation.ui.AbstractTestPage.<init>(AbstractTestPage.java:93)
	at com.qmetry.qaf.automation.ui.WebDriverBaseTestPage.<init>(WebDriverBaseTestPage.java:62)
	at com.qmetry.qaf.automation.ui.WebDriverBaseTestPage.<init>(WebDriverBaseTestPage.java:58)
	at com.timesofindia.pages.HomePage.<init>(HomePage.java:23)
	at com.timesofindia.tests.ToiTest.beforeMethod(ToiTest.java:27)
	at sun.reflect.NativeMethodAccessorImpl.invoke0(Native Method)
	at sun.reflect.NativeMethodAccessorImpl.invoke(NativeMethodAccessorImpl.java:62)
	at sun.reflect.DelegatingMethodAccessorImpl.invoke(DelegatingMethodAccessorImpl.java:43)
	at java.lang.reflect.Method.invoke(Method.java:498)
	at org.testng.internal.MethodInvocationHelper.invokeMethod(MethodInvocationHelper.java:86)
	at org.testng.internal.Invoker.invokeConfigurationMethod(Invoker.java:514)
	at org.testng.internal.Invoker.invokeConfigurations(Invoker.java:215)
	at org.testng.internal.Invoker.invokeMethod(Invoker.java:589)
	at org.testng.internal.Invoker.invokeTestMethod(Invoker.java:820)
	at org.testng.internal.Invoker.invokeTestMethods(Invoker.java:1128)
	at org.testng.internal.TestMethodWorker.invokeTestMethods(TestMethodWorker.java:129)
	at org.testng.internal.TestMethodWorker.run(TestMethodWorker.java:112)
	at org.testng.TestRunner.privateRun(TestRunner.java:805)
	at org.testng.TestRunner.run(TestRunner.java:655)
	at org.testng.SuiteRunner.runTest(SuiteRunner.java:366)
	at org.testng.SuiteRunner.runSequentially(SuiteRunner.java:361)
	at org.testng.SuiteRunner.privateRun(SuiteRunner.java:319)
	at org.testng.SuiteRunner.run(SuiteRunner.java:268)
	at org.testng.SuiteRunnerWorker.runSuite(SuiteRunnerWorker.java:52)
	at org.testng.SuiteRunnerWorker.run(SuiteRunnerWorker.java:86)
	at org.testng.TestNG.runSuitesSequentially(TestNG.java:1244)
	at org.testng.TestNG.runSuitesLocally(TestNG.java:1169)
	at org.testng.TestNG.run(TestNG.java:1064)
	at org.apache.maven.surefire.testng.TestNGExecutor.run(TestNGExecutor.java:122)
	at org.apache.maven.surefire.testng.TestNGXmlTestSuite.execute(TestNGXmlTestSuite.java:92)
	at org.apache.maven.surefire.testng.TestNGProvider.invoke(TestNGProvider.java:101)
	at sun.reflect.NativeMethodAccessorImpl.invoke0(Native Method)
	at sun.reflect.NativeMethodAccessorImpl.invoke(NativeMethodAccessorImpl.java:62)
	at sun.reflect.DelegatingMethodAccessorImpl.invoke(DelegatingMethodAccessorImpl.java:43)
	at java.lang.reflect.Method.invoke(Method.java:498)
	at org.apache.maven.surefire.util.ReflectionUtils.invokeMethodWithArray(ReflectionUtils.java:164)
	at org.apache.maven.surefire.booter.ProviderFactory$ProviderProxy.invoke(ProviderFactory.java:110)
	at org.apache.maven.surefire.booter.SurefireStarter.invokeProvider(SurefireStarter.java:172)
	at org.apache.maven.surefire.booter.SurefireStarter.runSuitesInProcessWhenForked(SurefireStarter.java:104)
	at org.apache.maven.surefire.booter.ForkedBooter.main(ForkedBooter.java:70)
]]>
            </full-stacktrace>
          </exception> <!-- com.qmetry.qaf.automation.core.AutomationError -->
          <reporter-output>
            <line>
              <![CDATA[<div style="display:block;margin-left:10px;"><div  class="fail"><span class="fail-label">F </span>Timed out after 0 seconds: Unable to create driver instance in 1st attempt with retry timeout of 0 seconds. You can check/set value of 'driver.init.retry.timeout' appropriately to set retry timeout on driver initialization failure.
null</div></div>]]>
            </line>
          </reporter-output>
        </test-method> <!-- beforeMethod -->
        <test-method status="SKIP" signature="toiPageVerification()[pri:0, instance:com.timesofindia.tests.ToiTest@44c8afef]" name="toiPageVerification" duration-ms="2" started-at="2017-06-22T13:04:57Z" description="Times Of India Page verification" finished-at="2017-06-22T13:04:57Z">
          <reporter-output>
            <line>
              <![CDATA[<div style="display:block;margin-left:10px;"></div>]]>
            </line>
          </reporter-output>
        </test-method> <!-- toiPageVerification -->
        <test-method status="PASS" signature="afterMethod()[pri:0, instance:com.timesofindia.tests.ToiTest@44c8afef]" name="afterMethod" is-config="true" duration-ms="2" started-at="2017-06-22T13:04:57Z" finished-at="2017-06-22T13:04:57Z">
          <reporter-output>
            <line>
              <![CDATA[<div style="display:block;margin-left:10px;"></div>]]>
            </line>
          </reporter-output>
        </test-method> <!-- afterMethod -->
        <test-method status="PASS" signature="afterMethod(org.testng.ITestContext, org.testng.ITestResult)[pri:0, instance:com.timesofindia.tests.ToiTest@44c8afef]" name="afterMethod" is-config="true" duration-ms="1" started-at="2017-06-22T13:04:57Z" finished-at="2017-06-22T13:04:57Z">
          <params>
            <param index="0">
              <value>
                <![CDATA[org.testng.TestRunner@667a738]]>
              </value>
            </param>
            <param index="1">
              <value>
                <![CDATA[[TestResult name=toiPageVerification status=SKIP method=ToiTest.toiPageVerification()[pri:0, instance:com.timesofindia.tests.ToiTest@44c8afef] output=<div style="display:block;margin-left:10px;"></div>]]]>
              </value>
            </param>
          </params>
          <reporter-output>
          </reporter-output>
        </test-method> <!-- afterMethod -->
        <test-method status="PASS" signature="afterClass(org.testng.ITestContext)[pri:0, instance:com.timesofindia.tests.ToiTest@44c8afef]" name="afterClass" is-config="true" duration-ms="2" started-at="2017-06-22T13:04:57Z" finished-at="2017-06-22T13:04:57Z">
          <params>
            <param index="0">
              <value>
                <![CDATA[org.testng.TestRunner@667a738]]>
              </value>
            </param>
          </params>
          <reporter-output>
          </reporter-output>
        </test-method> <!-- afterClass -->
        <test-method status="PASS" signature="afterTest(org.testng.ITestContext)[pri:0, instance:com.timesofindia.tests.ToiTest@44c8afef]" name="afterTest" is-config="true" duration-ms="1" started-at="2017-06-22T13:04:57Z" finished-at="2017-06-22T13:04:57Z">
          <params>
            <param index="0">
              <value>
                <![CDATA[org.testng.TestRunner@667a738]]>
              </value>
            </param>
          </params>
          <reporter-output>
          </reporter-output>
        </test-method> <!-- afterTest -->
        <test-method status="SKIP" signature="afterSuit(org.testng.ITestContext)[pri:0, instance:com.timesofindia.tests.ToiTest@44c8afef]" name="afterSuit" is-config="true" duration-ms="0" started-at="2017-06-22T13:04:57Z" finished-at="2017-06-22T13:04:57Z">
          <reporter-output>
          </reporter-output>
        </test-method> <!-- afterSuit -->
      </class> <!-- com.timesofindia.tests.ToiTest -->
    </test> <!-- DemoTest -->
  </suite> <!-- QAS Demo -->
</testng-results>
