-------------------------------------------------------------------------------
Test set: TestSuite
-------------------------------------------------------------------------------
Tests run: 1, Failures: 1, Errors: 0, Skipped: 0, Time elapsed: 43.046 sec <<< FAILURE!
toiPageVerification(com.timesofindia.tests.ToiTest)  Time elapsed: 13.078 sec  <<< FAILURE!
null