<?xml version="1.0" encoding="UTF-8"?>
<testng-results skipped="0" failed="0" total="1" passed="1">
  <reporter-output>
    <line>
      <![CDATA[<div style="display:block;margin-left:10px;"></div>]]>
    </line>
    <line>
      <![CDATA[<div style="display:block;margin-left:10px;"><div  class="teststeppass"><span class="teststeppass-label">T </span>Decline notifications</div><div style="display:block;margin-left:10px;"><div  class="pass"><span class="pass-label">P </span>Expected Notification Pop-Up present : Actual Notification Pop-Up present <a href="../img/toiPageVerificationEntertainment_14q2s0a57ux531233.png" target="_blank">[View Screenshot]</a> </div><div  class="pass"><span class="pass-label">P </span>Expected Not now button on Pop-Up present : Actual Not now button on Pop-Up present <a href="../img/toiPageVerificationEntertainment_19yediuvwunwo31234.png" target="_blank">[View Screenshot]</a> </div><div  class="info"><span class="info-label">I </span>Declining popup - Not to receive notofications</div></div><div  class="teststeppass"><span class="teststeppass-label">T </span>Entertainment section verification</div><div style="display:block;margin-left:10px;"><div  class="pass"><span class="pass-label">P </span>Expected Top news text present : Actual Top news text present <a href="../img/toiPageVerificationEntertainment_1aws5eqrhrc9h31235.png" target="_blank">[View Screenshot]</a> </div><div  class="pass"><span class="pass-label">P </span>Expected Entertainment news section present : Actual Entertainment news section present <a href="../img/toiPageVerificationEntertainment_31forxq6vyr531236.png" target="_blank">[View Screenshot]</a> </div></div><div  class="teststeppass"><span class="teststeppass-label">T </span>Extract entertainment section's news</div><div style="display:block;margin-left:10px;"><div  class="info"><span class="info-label">I </span>Entertainment news size count is 11</div><div  class="info"><span class="info-label">I </span>Pic: Milind Soman finds love with air hostess</div><div  class="info"><span class="info-label">I </span>Pics: Katrina picks up the guns and swords</div><div  class="info"><span class="info-label">I </span>Priyanka becomes world’s most popular actor</div><div  class="info"><span class="info-label">I </span>First look: Ileana is badass in 'Baadshaho'</div><div  class="info"><span class="info-label">I </span>KBC 9: Celebs who should participate</div><div  class="info"><span class="info-label">I </span>Rishi: Fighting in films is no heroism</div><div  class="info"><span class="info-label">I </span>10 Bollywood items that were auctioned</div><div  class="info"><span class="info-label">I </span>Sohail Khan on SRK’s cameo in ‘Tubelight’</div><div  class="info"><span class="info-label">I </span>Drug found near Kritika Chaudhary’s body</div><div  class="info"><span class="info-label">I </span>Movie review: Despicable Me 3</div><div  class="info"><span class="info-label">I </span>'I want to be the most influential woman of India'</div></div><div  class="pass"><span class="pass-label">P </span>Total number of image displayed : 
Expected: &lt;3&gt;
     Actual: was &lt;3&gt; <a href="../img/toiPageVerificationEntertainment_v0wvznvjn1lq31237.png" target="_blank">[View Screenshot]</a> </div></div>]]>
    </line>
  </reporter-output>
  <suite name="QAS Demo" duration-ms="45082" started-at="2017-06-16T09:07:24Z" finished-at="2017-06-16T09:08:09Z">
    <groups>
      <group name="TOI_Regression">
        <method signature="ToiTest.toiPageVerificationEntertainment()[pri:0, instance:com.timesofindia.tests.ToiTest@7a9273a8]" name="toiPageVerificationEntertainment" class="com.timesofindia.tests.ToiTest"/>
      </group> <!-- TOI_Regression -->
    </groups>
    <test name="DemoTest" duration-ms="45082" started-at="2017-06-16T09:07:24Z" finished-at="2017-06-16T09:08:09Z">
      <class name="com.timesofindia.tests.ToiTest">
        <test-method status="PASS" signature="setupSuit(org.testng.ITestContext)[pri:0, instance:com.timesofindia.tests.ToiTest@7a9273a8]" name="setupSuit" is-config="true" duration-ms="27" started-at="2017-06-16T14:37:24Z" finished-at="2017-06-16T14:37:24Z">
          <params>
            <param index="0">
              <value>
                <![CDATA[org.testng.TestRunner@c540f5a]]>
              </value>
            </param>
          </params>
          <reporter-output>
          </reporter-output>
        </test-method> <!-- setupSuit -->
        <test-method status="PASS" signature="setupTest(org.testng.ITestContext)[pri:0, instance:com.timesofindia.tests.ToiTest@7a9273a8]" name="setupTest" is-config="true" duration-ms="0" started-at="2017-06-16T14:37:24Z" finished-at="2017-06-16T14:37:24Z">
          <params>
            <param index="0">
              <value>
                <![CDATA[org.testng.TestRunner@c540f5a]]>
              </value>
            </param>
          </params>
          <reporter-output>
          </reporter-output>
        </test-method> <!-- setupTest -->
        <test-method status="PASS" signature="beforeTest()[pri:0, instance:com.timesofindia.tests.ToiTest@7a9273a8]" name="beforeTest" is-config="true" duration-ms="18323" started-at="2017-06-16T14:37:24Z" depends-on-methods="com.qmetry.qaf.automation.ui.AbstractTestCase.setupTest" finished-at="2017-06-16T14:37:42Z">
          <reporter-output>
            <line>
              <![CDATA[<div style="display:block;margin-left:10px;"></div>]]>
            </line>
          </reporter-output>
        </test-method> <!-- beforeTest -->
        <test-method status="PASS" signature="setup(org.testng.ITestContext)[pri:0, instance:com.timesofindia.tests.ToiTest@7a9273a8]" name="setup" is-config="true" duration-ms="0" started-at="2017-06-16T14:37:42Z" finished-at="2017-06-16T14:37:42Z">
          <params>
            <param index="0">
              <value>
                <![CDATA[org.testng.TestRunner@c540f5a]]>
              </value>
            </param>
          </params>
          <reporter-output>
          </reporter-output>
        </test-method> <!-- setup -->
        <test-method status="PASS" signature="toiPageVerificationEntertainment()[pri:0, instance:com.timesofindia.tests.ToiTest@7a9273a8]" name="toiPageVerificationEntertainment" duration-ms="23564" started-at="2017-06-16T14:37:42Z" description="Times Of India Entertainment" finished-at="2017-06-16T14:38:06Z">
          <reporter-output>
            <line>
              <![CDATA[<div style="display:block;margin-left:10px;"><div  class="teststeppass"><span class="teststeppass-label">T </span>Decline notifications</div><div style="display:block;margin-left:10px;"><div  class="pass"><span class="pass-label">P </span>Expected Notification Pop-Up present : Actual Notification Pop-Up present <a href="../img/toiPageVerificationEntertainment_14q2s0a57ux531233.png" target="_blank">[View Screenshot]</a> </div><div  class="pass"><span class="pass-label">P </span>Expected Not now button on Pop-Up present : Actual Not now button on Pop-Up present <a href="../img/toiPageVerificationEntertainment_19yediuvwunwo31234.png" target="_blank">[View Screenshot]</a> </div><div  class="info"><span class="info-label">I </span>Declining popup - Not to receive notofications</div></div><div  class="teststeppass"><span class="teststeppass-label">T </span>Entertainment section verification</div><div style="display:block;margin-left:10px;"><div  class="pass"><span class="pass-label">P </span>Expected Top news text present : Actual Top news text present <a href="../img/toiPageVerificationEntertainment_1aws5eqrhrc9h31235.png" target="_blank">[View Screenshot]</a> </div><div  class="pass"><span class="pass-label">P </span>Expected Entertainment news section present : Actual Entertainment news section present <a href="../img/toiPageVerificationEntertainment_31forxq6vyr531236.png" target="_blank">[View Screenshot]</a> </div></div><div  class="teststeppass"><span class="teststeppass-label">T </span>Extract entertainment section's news</div><div style="display:block;margin-left:10px;"><div  class="info"><span class="info-label">I </span>Entertainment news size count is 11</div><div  class="info"><span class="info-label">I </span>Pic: Milind Soman finds love with air hostess</div><div  class="info"><span class="info-label">I </span>Pics: Katrina picks up the guns and swords</div><div  class="info"><span class="info-label">I </span>Priyanka becomes world’s most popular actor</div><div  class="info"><span class="info-label">I </span>First look: Ileana is badass in 'Baadshaho'</div><div  class="info"><span class="info-label">I </span>KBC 9: Celebs who should participate</div><div  class="info"><span class="info-label">I </span>Rishi: Fighting in films is no heroism</div><div  class="info"><span class="info-label">I </span>10 Bollywood items that were auctioned</div><div  class="info"><span class="info-label">I </span>Sohail Khan on SRK’s cameo in ‘Tubelight’</div><div  class="info"><span class="info-label">I </span>Drug found near Kritika Chaudhary’s body</div><div  class="info"><span class="info-label">I </span>Movie review: Despicable Me 3</div><div  class="info"><span class="info-label">I </span>'I want to be the most influential woman of India'</div></div><div  class="pass"><span class="pass-label">P </span>Total number of image displayed : 
Expected: &lt;3&gt;
     Actual: was &lt;3&gt; <a href="../img/toiPageVerificationEntertainment_v0wvznvjn1lq31237.png" target="_blank">[View Screenshot]</a> </div></div>]]>
            </line>
          </reporter-output>
        </test-method> <!-- toiPageVerificationEntertainment -->
        <test-method status="PASS" signature="setupMethod(java.lang.reflect.Method, org.testng.ITestContext)[pri:0, instance:com.timesofindia.tests.ToiTest@7a9273a8]" name="setupMethod" is-config="true" duration-ms="0" started-at="2017-06-16T14:37:42Z" finished-at="2017-06-16T14:37:42Z">
          <params>
            <param index="0">
              <value>
                <![CDATA[public void com.timesofindia.tests.ToiTest.toiPageVerificationEntertainment()]]>
              </value>
            </param>
            <param index="1">
              <value>
                <![CDATA[org.testng.TestRunner@c540f5a]]>
              </value>
            </param>
          </params>
          <reporter-output>
          </reporter-output>
        </test-method> <!-- setupMethod -->
        <test-method status="PASS" signature="afterClass(org.testng.ITestContext)[pri:0, instance:com.timesofindia.tests.ToiTest@7a9273a8]" name="afterClass" is-config="true" duration-ms="1" started-at="2017-06-16T14:38:06Z" finished-at="2017-06-16T14:38:06Z">
          <params>
            <param index="0">
              <value>
                <![CDATA[org.testng.TestRunner@c540f5a]]>
              </value>
            </param>
          </params>
          <reporter-output>
          </reporter-output>
        </test-method> <!-- afterClass -->
        <test-method status="PASS" signature="afterMethod(org.testng.ITestContext, org.testng.ITestResult)[pri:0, instance:com.timesofindia.tests.ToiTest@7a9273a8]" name="afterMethod" is-config="true" duration-ms="0" started-at="2017-06-16T14:38:06Z" finished-at="2017-06-16T14:38:06Z">
          <params>
            <param index="0">
              <value>
                <![CDATA[org.testng.TestRunner@c540f5a]]>
              </value>
            </param>
            <param index="1">
              <value>
                <![CDATA[[TestResult name=toiPageVerificationEntertainment status=SUCCESS method=ToiTest.toiPageVerificationEntertainment()[pri:0, instance:com.timesofindia.tests.ToiTest@7a9273a8] output=<div style="display:block;margin-left:10px;"><div  class="teststeppass"><span class="teststeppass-label">T </span>Decline notifications</div><div style="display:block;margin-left:10px;"><div  class="pass"><span class="pass-label">P </span>Expected Notification Pop-Up present : Actual Notification Pop-Up present <a href="../img/toiPageVerificationEntertainment_14q2s0a57ux531233.png" target="_blank">[View Screenshot]</a> </div><div  class="pass"><span class="pass-label">P </span>Expected Not now button on Pop-Up present : Actual Not now button on Pop-Up present <a href="../img/toiPageVerificationEntertainment_19yediuvwunwo31234.png" target="_blank">[View Screenshot]</a> </div><div  class="info"><span class="info-label">I </span>Declining popup - Not to receive notofications</div></div><div  class="teststeppass"><span class="teststeppass-label">T </span>Entertainment section verification</div><div style="display:block;margin-left:10px;"><div  class="pass"><span class="pass-label">P </span>Expected Top news text present : Actual Top news text present <a href="../img/toiPageVerificationEntertainment_1aws5eqrhrc9h31235.png" target="_blank">[View Screenshot]</a> </div><div  class="pass"><span class="pass-label">P </span>Expected Entertainment news section present : Actual Entertainment news section present <a href="../img/toiPageVerificationEntertainment_31forxq6vyr531236.png" target="_blank">[View Screenshot]</a> </div></div><div  class="teststeppass"><span class="teststeppass-label">T </span>Extract entertainment section's news</div><div style="display:block;margin-left:10px;"><div  class="info"><span class="info-label">I </span>Entertainment news size count is 11</div><div  class="info"><span class="info-label">I </span>Pic: Milind Soman finds love with air hostess</div><div  class="info"><span class="info-label">I </span>Pics: Katrina picks up the guns and swords</div><div  class="info"><span class="info-label">I </span>Priyanka becomes world’s most popular actor</div><div  class="info"><span class="info-label">I </span>First look: Ileana is badass in 'Baadshaho'</div><div  class="info"><span class="info-label">I </span>KBC 9: Celebs who should participate</div><div  class="info"><span class="info-label">I </span>Rishi: Fighting in films is no heroism</div><div  class="info"><span class="info-label">I </span>10 Bollywood items that were auctioned</div><div  class="info"><span class="info-label">I </span>Sohail Khan on SRK’s cameo in ‘Tubelight’</div><div  class="info"><span class="info-label">I </span>Drug found near Kritika Chaudhary’s body</div><div  class="info"><span class="info-label">I </span>Movie review: Despicable Me 3</div><div  class="info"><span class="info-label">I </span>'I want to be the most influential woman of India'</div></div><div  class="pass"><span class="pass-label">P </span>Total number of image displayed : 
Expected: &lt;3&gt;
     Actual: was &lt;3&gt; <a href="../img/toiPageVerificationEntertainment_v0wvznvjn1lq31237.png" target="_blank">[View Screenshot]</a> </div></div>]]]>
              </value>
            </param>
          </params>
          <reporter-output>
          </reporter-output>
        </test-method> <!-- afterMethod -->
        <test-method status="PASS" signature="afterTest(org.testng.ITestContext)[pri:0, instance:com.timesofindia.tests.ToiTest@7a9273a8]" name="afterTest" is-config="true" duration-ms="2911" started-at="2017-06-16T14:38:06Z" finished-at="2017-06-16T14:38:09Z">
          <params>
            <param index="0">
              <value>
                <![CDATA[org.testng.TestRunner@c540f5a]]>
              </value>
            </param>
          </params>
          <reporter-output>
          </reporter-output>
        </test-method> <!-- afterTest -->
        <test-method status="PASS" signature="afterSuit(org.testng.ITestContext)[pri:0, instance:com.timesofindia.tests.ToiTest@7a9273a8]" name="afterSuit" is-config="true" duration-ms="0" started-at="2017-06-16T14:38:09Z" finished-at="2017-06-16T14:38:09Z">
          <params>
            <param index="0">
              <value>
                <![CDATA[org.testng.TestRunner@c540f5a]]>
              </value>
            </param>
          </params>
          <reporter-output>
          </reporter-output>
        </test-method> <!-- afterSuit -->
      </class> <!-- com.timesofindia.tests.ToiTest -->
    </test> <!-- DemoTest -->
  </suite> <!-- QAS Demo -->
</testng-results>
